> Task :gradle-plugin:settings-plugin:checkKotlinGradlePluginConfigurationErrors
> Task :gradle-plugin:shared:checkKotlinGradlePluginConfigurationErrors
> Task :gradle-plugin:shared:processResources NO-SOURCE
> Task :gradle-plugin:settings-plugin:pluginDescriptors
> Task :gradle-plugin:settings-plugin:processResources
> Task :gradle-plugin:shared:compileKotlin
> Task :gradle-plugin:shared:compileJava NO-SOURCE
> Task :gradle-plugin:shared:classes UP-TO-DATE
> Task :gradle-plugin:shared:jar
> Task :gradle-plugin:settings-plugin:compileKotlin
> Task :gradle-plugin:settings-plugin:compileJava NO-SOURCE
> Task :gradle-plugin:settings-plugin:classes
> Task :gradle-plugin:settings-plugin:jar
> Task :gradle-plugin:react-native-gradle-plugin:checkKotlinGradlePluginConfigurationErrors
> Task :expo-dev-launcher-gradle-plugin:checkKotlinGradlePluginConfigurationErrors
> Task :expo-dev-launcher-gradle-plugin:pluginDescriptors
> Task :expo-dev-launcher-gradle-plugin:processResources
> Task :gradle-plugin:react-native-gradle-plugin:pluginDescriptors
> Task :gradle-plugin:react-native-gradle-plugin:processResources
> Task :gradle-plugin:react-native-gradle-plugin:compileKotlin
> Task :gradle-plugin:react-native-gradle-plugin:compileJava NO-SOURCE
> Task :gradle-plugin:react-native-gradle-plugin:classes
> Task :gradle-plugin:react-native-gradle-plugin:jar
> Task :expo-dev-launcher-gradle-plugin:compileKotlin
> Task :expo-dev-launcher-gradle-plugin:compileJava NO-SOURCE
> Task :expo-dev-launcher-gradle-plugin:classes
> Task :expo-dev-launcher-gradle-plugin:jar

> Configure project :app
 ?ë±„íˆ˜  [33mApplying gradle plugin[0m '[32mexpo-dev-launcher-gradle-plugin[0m' (expo-dev-launcher@5.0.35)

> Configure project :expo

Using expo modules
  - [32mexpo-application[0m (6.0.2)
  - [32mexpo-asset[0m (11.0.5)
  - [32mexpo-constants[0m (17.0.8)
  - [32mexpo-crypto[0m (14.0.2)
  - [32mexpo-dev-client[0m (5.0.20)
  - [32mexpo-dev-launcher[0m (5.0.35)
  - [32mexpo-dev-menu[0m (6.0.25)
  - [32mexpo-file-system[0m (18.0.12)
  - [32mexpo-font[0m (13.0.4)
  - [32mexpo-json-utils[0m (0.14.0)
  - [32mexpo-keep-awake[0m (14.0.3)
  - [32mexpo-linking[0m (7.0.5)
  - [32mexpo-manifests[0m (0.15.8)
  - [32mexpo-modules-core[0m (2.2.3)
  - [32mexpo-system-ui[0m (4.0.9)
  - [32mexpo-web-browser[0m (14.0.2)


> Configure project :react-native-reanimated
Android gradle plugin: 8.6.0
Gradle: 8.10.2

> Task :app:checkKotlinGradlePluginConfigurationErrors
> Task :app:generateAutolinkingPackageList
> Task :app:generateCodegenSchemaFromJavaScript SKIPPED
> Task :app:generateCodegenArtifactsFromSchema SKIPPED
> Task :app:preBuild
> Task :app:preReleaseBuild
> Task :app:generateReleaseBuildConfig
> Task :expo:generateExpoModulesPackageListTask
> Task :expo:preBuild
> Task :expo:preReleaseBuild
> Task :expo-application:preBuild UP-TO-DATE
> Task :expo-application:preReleaseBuild UP-TO-DATE
> Task :expo-asset:preBuild UP-TO-DATE
> Task :expo-asset:preReleaseBuild UP-TO-DATE
> Task :expo-application:writeReleaseAarMetadata
> Task :expo-asset:writeReleaseAarMetadata
> Task :expo:writeReleaseAarMetadata

The NODE_ENV environment variable is required but was not specified. Ensure the project is bundled with Expo CLI or NODE_ENV is set.
Proceeding without mode-specific .env
> Task :expo-constants:createExpoConfig
env: load .env
env: export EXPO_PUBLIC_API_URL EXPO_PUBLIC_FASTAPI_URL EXPO_PUBLIC_KAKAO_CLIENT_ID EXPO_PUBLIC_GOOGLE_CLIENT_ID EXPO_PUBLIC_TEST_GOOGLE_CLIENT_ID

> Task :expo-constants:preBuild
> Task :expo-constants:preReleaseBuild
> Task :expo-crypto:preBuild UP-TO-DATE
> Task :expo-crypto:preReleaseBuild UP-TO-DATE
> Task :expo-constants:writeReleaseAarMetadata
> Task :expo-dev-client:preBuild UP-TO-DATE
> Task :expo-dev-client:preReleaseBuild UP-TO-DATE
> Task :expo-crypto:writeReleaseAarMetadata
> Task :expo-dev-launcher:preBuild UP-TO-DATE
> Task :expo-dev-launcher:preReleaseBuild UP-TO-DATE
> Task :expo-dev-client:writeReleaseAarMetadata
> Task :expo-dev-menu:preBuild UP-TO-DATE
> Task :expo-dev-menu:preReleaseBuild UP-TO-DATE
> Task :expo-dev-launcher:writeReleaseAarMetadata
> Task :expo-dev-menu-interface:preBuild UP-TO-DATE
> Task :expo-dev-menu-interface:preReleaseBuild UP-TO-DATE
> Task :expo-dev-menu:writeReleaseAarMetadata
> Task :expo-file-system:preBuild UP-TO-DATE
> Task :expo-file-system:preReleaseBuild UP-TO-DATE
> Task :expo-dev-menu-interface:writeReleaseAarMetadata
> Task :expo-font:preBuild UP-TO-DATE
> Task :expo-font:preReleaseBuild UP-TO-DATE
> Task :expo-file-system:writeReleaseAarMetadata
> Task :expo-json-utils:preBuild UP-TO-DATE
> Task :expo-json-utils:preReleaseBuild UP-TO-DATE
> Task :expo-font:writeReleaseAarMetadata
> Task :expo-keep-awake:preBuild UP-TO-DATE
> Task :expo-keep-awake:preReleaseBuild UP-TO-DATE
> Task :expo-json-utils:writeReleaseAarMetadata
> Task :expo-linking:preBuild UP-TO-DATE
> Task :expo-linking:preReleaseBuild UP-TO-DATE
> Task :expo-keep-awake:writeReleaseAarMetadata
> Task :expo-manifests:preBuild UP-TO-DATE
> Task :expo-manifests:preReleaseBuild UP-TO-DATE
> Task :expo-linking:writeReleaseAarMetadata
> Task :expo-modules-core:preBuild UP-TO-DATE
> Task :expo-modules-core:preReleaseBuild UP-TO-DATE
> Task :expo-manifests:writeReleaseAarMetadata
> Task :expo-system-ui:preBuild UP-TO-DATE
> Task :expo-system-ui:preReleaseBuild UP-TO-DATE
> Task :expo-modules-core:writeReleaseAarMetadata
> Task :expo-updates-interface:preBuild UP-TO-DATE
> Task :expo-updates-interface:preReleaseBuild UP-TO-DATE
> Task :expo-system-ui:writeReleaseAarMetadata
> Task :expo-web-browser:preBuild UP-TO-DATE
> Task :expo-web-browser:preReleaseBuild UP-TO-DATE
> Task :expo-updates-interface:writeReleaseAarMetadata
> Task :react-native-async-storage_async-storage:preBuild UP-TO-DATE
> Task :react-native-async-storage_async-storage:preReleaseBuild UP-TO-DATE
> Task :expo-web-browser:writeReleaseAarMetadata
> Task :react-native-async-storage_async-storage:writeReleaseAarMetadata UP-TO-DATE
> Task :react-native-reanimated:assertLatestReactNativeWithNewArchitectureTask SKIPPED
> Task :react-native-reanimated:assertMinimalReactNativeVersionTask SKIPPED
> Task :react-native-reanimated:prepareReanimatedHeadersForPrefabs UP-TO-DATE
> Task :react-native-reanimated:prepareWorkletsHeadersForPrefabs UP-TO-DATE
> Task :react-native-reanimated:preBuild UP-TO-DATE
> Task :react-native-reanimated:preReleaseBuild UP-TO-DATE
> Task :react-native-reanimated:writeReleaseAarMetadata UP-TO-DATE
> Task :react-native-safe-area-context:preBuild UP-TO-DATE
> Task :react-native-safe-area-context:preReleaseBuild UP-TO-DATE
> Task :react-native-safe-area-context:writeReleaseAarMetadata UP-TO-DATE
> Task :react-native-screens:preBuild UP-TO-DATE
> Task :react-native-screens:preReleaseBuild UP-TO-DATE
> Task :react-native-screens:writeReleaseAarMetadata UP-TO-DATE
> Task :react-native-svg:preBuild UP-TO-DATE
> Task :react-native-svg:preReleaseBuild UP-TO-DATE
> Task :react-native-svg:writeReleaseAarMetadata UP-TO-DATE
> Task :app:checkReleaseAarMetadata

> Task :app:createBundleReleaseJsAndAssets
env: load .env
env: export EXPO_PUBLIC_API_URL EXPO_PUBLIC_FASTAPI_URL EXPO_PUBLIC_KAKAO_CLIENT_ID EXPO_PUBLIC_GOOGLE_CLIENT_ID EXPO_PUBLIC_TEST_GOOGLE_CLIENT_ID
Starting Metro Bundler
warning: Bundler cache is empty, rebuilding (this may take a minute)
Android Bundled 63286ms index.ts (2777 modules)
Writing bundle output to: android\app\build\generated\assets\createBundleReleaseJsAndAssets\index.android.bundle
Writing sourcemap output to: android\app\build\intermediates\sourcemaps\react\release\index.android.bundle.packager.map
Copying 6 asset files
Done writing bundle output
Done writing sourcemap output
android\app\build\generated\assets\createBundleReleaseJsAndAssets\index.android.bundle:3976:16: warning: the variable "SharedArrayBuffer" was not declared in function "from"
    if (typeof SharedArrayBuffer !== 'undefined' && (isInstance(value, Shared...
               ^~~~~~~~~~~~~~~~~
android\app\build\generated\assets\createBundleReleaseJsAndAssets\index.android.bundle:7864:23: warning: the variable "DebuggerInternal" was not declared in function "__shouldPauseOnThrow"
        return typeof DebuggerInternal !== 'undefined' && DebuggerInternal.sh...
                      ^~~~~~~~~~~~~~~~
android\app\build\generated\assets\createBundleReleaseJsAndAssets\index.android.bundle:18219:7: warning: the variable "setTimeout" was not declared in function "logCapturedError"
      setTimeout(function () {
      ^~~~~~~~~~
android\app\build\generated\assets\createBundleReleaseJsAndAssets\index.android.bundle:16453:31: warning: the variable "nativeFabricUIManager" was not declared in anonymous function " 391#"
  var _nativeFabricUIManage = nativeFabricUIManager,
                              ^~~~~~~~~~~~~~~~~~~~~
android\app\build\generated\assets\createBundleReleaseJsAndAssets\index.android.bundle:16481:21: warning: the variable "clearTimeout" was not declared in anonymous function " 391#"
    cancelTimeout = clearTimeout;
                    ^~~~~~~~~~~~
android\app\build\generated\assets\createBundleReleaseJsAndAssets\index.android.bundle:16494:51: warning: the variable "RN$enableMicrotasksInReact" was not declared in anonymous function " 391#"
... "undefined" !== typeof RN$enableMicrotasksInReact && !!RN$enableMicrotask...
                           ^~~~~~~~~~~~~~~~~~~~~~~~~~
android\app\build\generated\assets\createBundleReleaseJsAndAssets\index.android.bundle:16495:47: warning: the variable "queueMicrotask" was not declared in anonymous function " 391#"
...otask = "function" === typeof queueMicrotask ? queueMicrotask : scheduleTi...
                                 ^~~~~~~~~~~~~~
android\app\build\generated\assets\createBundleReleaseJsAndAssets\index.android.bundle:20916:30: warning: the variable "__REACT_DEVTOOLS_GLOBAL_HOOK__" was not declared in anonymous function " 391#"
  if ("undefined" !== typeof __REACT_DEVTOOLS_GLOBAL_HOOK__) {
                             ^~~~~~~~~~~~~~~~~~~~~~~~~~~~~~
android\app\build\generated\assets\createBundleReleaseJsAndAssets\index.android.bundle:22350:5: warning: the variable "setImmediate" was not declared in function "handleResolved"
    setImmediate(function () {
    ^~~~~~~~~~~~
android\app\build\generated\assets\createBundleReleaseJsAndAssets\index.android.bundle:25616:5: warning: the variable "fetch" was not declared in anonymous function " 614#"
    fetch,
    ^~~~~
android\app\build\generated\assets\createBundleReleaseJsAndAssets\index.android.bundle:25617:5: warning: the variable "Headers" was not declared in anonymous function " 614#"
    Headers,
    ^~~~~~~
android\app\build\generated\assets\createBundleReleaseJsAndAssets\index.android.bundle:25618:5: warning: the variable "Request" was not declared in anonymous function " 614#"
    Request,
    ^~~~~~~
android\app\build\generated\assets\createBundleReleaseJsAndAssets\index.android.bundle:25619:5: warning: the variable "Response" was not declared in anonymous function " 614#"
    Response
    ^~~~~~~~
android\app\build\generated\assets\createBundleReleaseJsAndAssets\index.android.bundle:25776:24: warning: the variable "FileReader" was not declared in function "readBlobAsArrayBuffer"
      var reader = new FileReader();
                       ^~~~~~~~~~
android\app\build\generated\assets\createBundleReleaseJsAndAssets\index.android.bundle:25831:44: warning: the variable "URLSearchParams" was not declared in anonymous function " 625#"
...e if (support.searchParams && URLSearchParams.prototype.isPrototypeOf(body...
                                 ^~~~~~~~~~~~~~~
android\app\build\generated\assets\createBundleReleaseJsAndAssets\index.android.bundle:25950:26: warning: the variable "AbortController" was not declared in anonymous function " 631#"
          var ctrl = new AbortController();
                         ^~~~~~~~~~~~~~~
android\app\build\generated\assets\createBundleReleaseJsAndAssets\index.android.bundle:26084:23: warning: the variable "XMLHttpRequest" was not declared in anonymous function " 635#"
        var xhr = new XMLHttpRequest();
                      ^~~~~~~~~~~~~~
android\app\build\generated\assets\createBundleReleaseJsAndAssets\index.android.bundle:25629:71: warning: the variable "self" was not declared in anonymous function " 617#"
...undefined' && globalThis || typeof self !== 'undefined' && self ||
                                      ^~~~
android\app\build\generated\assets\createBundleReleaseJsAndAssets\index.android.bundle:28471:26: warning: the variable "navigator" was not declared in anonymous function " 794#"
  "undefined" !== typeof navigator && undefined !== navigator.scheduling && u...
                         ^~~~~~~~~
android\app\build\generated\assets\createBundleReleaseJsAndAssets\index.android.bundle:28581:37: warning: the variable "MessageChannel" was not declared in anonymous function " 794#"
  };else if ("undefined" !== typeof MessageChannel) {
                                    ^~~~~~~~~~~~~~
android\app\build\generated\assets\createBundleReleaseJsAndAssets\index.android.bundle:28596:34: warning: the variable "nativeRuntimeScheduler" was not declared in anonymous function " 794#"
... = "undefined" !== typeof nativeRuntimeScheduler ? nativeRuntimeScheduler....
                             ^~~~~~~~~~~~~~~~~~~~~~
android\app\build\generated\assets\createBundleReleaseJsAndAssets\index.android.bundle:38445:34: warning: the variable "requestAnimationFrame" was not declared in function "start 9#"
...    this._animationFrame = requestAnimationFrame(this.onUpdate.bind(this));
                              ^~~~~~~~~~~~~~~~~~~~~
android\app\build\generated\assets\createBundleReleaseJsAndAssets\index.android.bundle:54983:20: warning: the variable "localStorage" was not declared in function "ColorSchemeStore"
        if (typeof localStorage !== "undefined") {
                   ^~~~~~~~~~~~
android\app\build\generated\assets\createBundleReleaseJsAndAssets\index.android.bundle:54986:13: warning: the variable "document" was not declared in function "ColorSchemeStore"
            document.documentElement.classList.add("dark");
            ^~~~~~~~
android\app\build\generated\assets\createBundleReleaseJsAndAssets\index.android.bundle:172656:11: warning: the variable "_WORKLET" was not declared in function "assertEasingIsWorklet"
      if (_WORKLET) {
          ^~~~~~~~
android\app\build\generated\assets\createBundleReleaseJsAndAssets\index.android.bundle:174439:94: warning: the variable "location" was not declared in function "registerSensor 1#"
...(0, _PlatformChecker.isWeb)() && location.protocol !== 'https:' ? ' Make s...
                                    ^~~~~~~~
android\app\build\generated\assets\createBundleReleaseJsAndAssets\index.android.bundle:174901:12: warning: the variable "__reanimatedLoggerConfig" was not declared in function "replaceLoggerImplementation"
        ...__reanimatedLoggerConfig,
           ^~~~~~~~~~~~~~~~~~~~~~~~
android\app\build\generated\assets\createBundleReleaseJsAndAssets\index.android.bundle:175502:26: warning: Direct call to eval(), but lexical scope is not supported.
            workletFun = eval('(' + initData.code + '\n)');
                         ^~~~~~~~~~~~~~~~~~~~~~~~~~~~~~~~~
android\app\build\generated\assets\createBundleReleaseJsAndAssets\index.android.bundle:175525:112: warning: the variable "_toString" was not declared in function "valueUnpacker"
...recognized by value unpacker: "${_toString(objectToUnpack)}".`);
                                    ^~~~~~~~~
android\app\build\generated\assets\createBundleReleaseJsAndAssets\index.android.bundle:192495:26: warning: the variable "structuredClone" was not declared in function "createAnimationWithInitialValues"
    var animationStyle = structuredClone(_config.AnimationsData[animationName...
                         ^~~~~~~~~~~~~~~
android\app\build\generated\assets\createBundleReleaseJsAndAssets\index.android.bundle:192910:27: warning: the variable "HTMLElement" was not declared in function "findDescendantWithExitingAnimation"
    if (!(node instanceof HTMLElement)) {
                          ^~~~~~~~~~~
android\app\build\generated\assets\createBundleReleaseJsAndAssets\index.android.bundle:192936:24: warning: the variable "MutationObserver" was not declared in function "addHTMLMutationObserver"
    var observer = new MutationObserver(mutationsList => {
                       ^~~~~~~~~~~~~~~~
android\app\build\generated\assets\createBundleReleaseJsAndAssets\index.android.bundle:192981:41: warning: the variable "getComputedStyle" was not declared in function "fixElementPosition"
...entBorderTopValue = parseInt(getComputedStyle(parent).borderTopWidth);
                                ^~~~~~~~~~~~~~~~
android\app\build\generated\assets\createBundleReleaseJsAndAssets\index.android.bundle:196953:5: warning: the variable "jest" was not declared in arrow function "beforeTest"
    jest.useFakeTimers();
    ^~~~
android\app\build\generated\assets\createBundleReleaseJsAndAssets\index.android.bundle:197529:26: warning: the variable "_getAnimationTimestamp" was not declared in function "computeEasingProgress"
      var elapsedTime = (_getAnimationTimestamp() - startingTimestamp) / 1000;
                         ^~~~~~~~~~~~~~~~~~~~~~

> Task :app:generateReleaseResValues
> Task :expo:generateReleaseResValues
> Task :expo:generateReleaseResources
> Task :expo:packageReleaseResources
> Task :expo-application:generateReleaseResValues
> Task :expo-application:generateReleaseResources
> Task :expo-application:packageReleaseResources
> Task :expo-asset:generateReleaseResValues
> Task :expo-asset:generateReleaseResources
> Task :expo-asset:packageReleaseResources
> Task :expo-constants:generateReleaseResValues
> Task :expo-constants:generateReleaseResources
> Task :expo-constants:packageReleaseResources
> Task :expo-crypto:generateReleaseResValues
> Task :expo-crypto:generateReleaseResources
> Task :expo-crypto:packageReleaseResources
> Task :expo-dev-client:generateReleaseResValues
> Task :expo-dev-client:generateReleaseResources
> Task :expo-dev-client:packageReleaseResources
> Task :expo-dev-launcher:generateReleaseResValues
> Task :expo-dev-launcher:generateReleaseResources
> Task :expo-dev-launcher:packageReleaseResources
> Task :expo-dev-menu:generateReleaseResValues
> Task :expo-dev-menu:generateReleaseResources
> Task :expo-dev-menu:packageReleaseResources
> Task :expo-dev-menu-interface:generateReleaseResValues
> Task :expo-dev-menu-interface:generateReleaseResources
> Task :expo-dev-menu-interface:packageReleaseResources
> Task :expo-file-system:generateReleaseResValues
> Task :expo-file-system:generateReleaseResources
> Task :expo-file-system:packageReleaseResources
> Task :expo-font:generateReleaseResValues
> Task :expo-font:generateReleaseResources
> Task :expo-font:packageReleaseResources
> Task :expo-json-utils:generateReleaseResValues
> Task :expo-json-utils:generateReleaseResources
> Task :expo-json-utils:packageReleaseResources
> Task :expo-keep-awake:generateReleaseResValues
> Task :expo-keep-awake:generateReleaseResources
> Task :expo-keep-awake:packageReleaseResources
> Task :expo-linking:generateReleaseResValues
> Task :expo-linking:generateReleaseResources
> Task :expo-linking:packageReleaseResources
> Task :expo-manifests:generateReleaseResValues
> Task :expo-manifests:generateReleaseResources
> Task :expo-manifests:packageReleaseResources
> Task :expo-modules-core:generateReleaseResValues
> Task :expo-modules-core:generateReleaseResources
> Task :expo-modules-core:packageReleaseResources
> Task :expo-system-ui:generateReleaseResValues
> Task :expo-system-ui:generateReleaseResources
> Task :expo-system-ui:packageReleaseResources
> Task :expo-updates-interface:generateReleaseResValues
> Task :expo-updates-interface:generateReleaseResources
> Task :expo-updates-interface:packageReleaseResources
> Task :expo-web-browser:generateReleaseResValues
> Task :expo-web-browser:generateReleaseResources
> Task :expo-web-browser:packageReleaseResources
> Task :react-native-async-storage_async-storage:generateReleaseResValues UP-TO-DATE
> Task :react-native-async-storage_async-storage:generateReleaseResources UP-TO-DATE
> Task :react-native-async-storage_async-storage:packageReleaseResources UP-TO-DATE
> Task :react-native-reanimated:generateReleaseResValues UP-TO-DATE
> Task :react-native-reanimated:generateReleaseResources UP-TO-DATE
> Task :react-native-reanimated:packageReleaseResources UP-TO-DATE
> Task :react-native-safe-area-context:generateReleaseResValues UP-TO-DATE
> Task :react-native-safe-area-context:generateReleaseResources UP-TO-DATE
> Task :react-native-safe-area-context:packageReleaseResources UP-TO-DATE
> Task :react-native-screens:generateReleaseResValues UP-TO-DATE
> Task :react-native-screens:generateReleaseResources UP-TO-DATE
> Task :react-native-screens:packageReleaseResources UP-TO-DATE
> Task :react-native-svg:generateReleaseResValues UP-TO-DATE
> Task :react-native-svg:generateReleaseResources UP-TO-DATE
> Task :react-native-svg:packageReleaseResources UP-TO-DATE
> Task :app:mapReleaseSourceSetPaths
> Task :app:generateReleaseResources
> Task :app:packageReleaseResources
> Task :app:createReleaseCompatibleScreenManifests
> Task :app:extractDeepLinksRelease
> Task :expo:extractDeepLinksRelease
> Task :app:parseReleaseLocalResources
> Task :expo-application:extractDeepLinksRelease
> Task :expo-asset:extractDeepLinksRelease
> Task :expo-constants:extractDeepLinksRelease
> Task :expo-crypto:extractDeepLinksRelease
> Task :expo-dev-client:extractDeepLinksRelease
> Task :expo-asset:processReleaseManifest
> Task :expo:processReleaseManifest
> Task :expo-crypto:processReleaseManifest
> Task :expo-constants:processReleaseManifest
> Task :expo-dev-launcher:extractDeepLinksRelease
> Task :expo-dev-client:processReleaseManifest
> Task :expo-dev-menu:extractDeepLinksRelease
> Task :expo-dev-launcher:processReleaseManifest
> Task :expo-dev-menu-interface:extractDeepLinksRelease
> Task :expo-dev-menu:processReleaseManifest
> Task :expo-file-system:extractDeepLinksRelease
> Task :expo-dev-menu-interface:processReleaseManifest
> Task :expo-application:processReleaseManifest
> Task :expo-font:extractDeepLinksRelease

> Task :expo-file-system:processReleaseManifest
Z:\frontend\node_modules\expo-file-system\android\src\main\AndroidManifest.xml:6:9-8:20 Warning:
	provider#expo.modules.filesystem.FileSystemFileProvider@android:authorities was tagged at AndroidManifest.xml:6 to replace other declarations but no other declaration present

> Task :expo-json-utils:extractDeepLinksRelease
> Task :expo-font:processReleaseManifest
> Task :expo-keep-awake:extractDeepLinksRelease
> Task :expo-json-utils:processReleaseManifest
> Task :expo-linking:extractDeepLinksRelease
> Task :expo-keep-awake:processReleaseManifest
> Task :expo-manifests:extractDeepLinksRelease
> Task :expo-linking:processReleaseManifest
> Task :app:mergeReleaseResources
> Task :expo-modules-core:extractDeepLinksRelease
> Task :expo-manifests:processReleaseManifest
> Task :expo-system-ui:extractDeepLinksRelease

> Task :expo-modules-core:processReleaseManifest
Z:\frontend\node_modules\expo-modules-core\android\src\main\AndroidManifest.xml:8:9-11:45 Warning:
	meta-data#com.facebook.soloader.enabled@android:value was tagged at AndroidManifest.xml:8 to replace other declarations but no other declaration present

> Task :expo-updates-interface:extractDeepLinksRelease
> Task :expo-system-ui:processReleaseManifest
> Task :expo-updates-interface:processReleaseManifest
> Task :expo-web-browser:extractDeepLinksRelease
> Task :react-native-async-storage_async-storage:extractDeepLinksRelease UP-TO-DATE
> Task :expo-web-browser:processReleaseManifest
> Task :react-native-async-storage_async-storage:processReleaseManifest UP-TO-DATE
> Task :react-native-reanimated:extractDeepLinksRelease UP-TO-DATE
> Task :react-native-reanimated:processReleaseManifest UP-TO-DATE
> Task :react-native-safe-area-context:extractDeepLinksRelease UP-TO-DATE
> Task :react-native-safe-area-context:processReleaseManifest UP-TO-DATE
> Task :react-native-screens:extractDeepLinksRelease UP-TO-DATE
> Task :react-native-screens:processReleaseManifest UP-TO-DATE
> Task :react-native-svg:extractDeepLinksRelease UP-TO-DATE
> Task :react-native-svg:processReleaseManifest UP-TO-DATE

> Task :app:processReleaseMainManifest
Z:\frontend\android\app\src\main\AndroidManifest.xml Warning:
	provider#expo.modules.filesystem.FileSystemFileProvider@android:authorities was tagged at AndroidManifest.xml:0 to replace other declarations but no other declaration present

> Task :app:processReleaseManifest
> Task :app:processReleaseManifestForPackage
> Task :expo:compileReleaseLibraryResources
> Task :expo-application:compileReleaseLibraryResources
> Task :expo:parseReleaseLocalResources
> Task :expo-application:parseReleaseLocalResources
> Task :expo-asset:compileReleaseLibraryResources
> Task :expo-asset:parseReleaseLocalResources
> Task :expo-constants:compileReleaseLibraryResources
> Task :expo:generateReleaseRFile
> Task :expo-application:generateReleaseRFile
> Task :expo-constants:parseReleaseLocalResources
> Task :expo-crypto:compileReleaseLibraryResources
> Task :expo-asset:generateReleaseRFile
> Task :expo-crypto:parseReleaseLocalResources
> Task :expo-constants:generateReleaseRFile
> Task :expo-crypto:generateReleaseRFile
> Task :expo-dev-client:compileReleaseLibraryResources
> Task :expo-dev-client:parseReleaseLocalResources
> Task :expo-dev-client:generateReleaseRFile
> Task :expo-dev-launcher:parseReleaseLocalResources
> Task :expo-dev-launcher:compileReleaseLibraryResources
> Task :expo-dev-menu:parseReleaseLocalResources
> Task :expo-dev-launcher:generateReleaseRFile
> Task :expo-dev-menu-interface:compileReleaseLibraryResources
> Task :expo-dev-menu-interface:parseReleaseLocalResources
> Task :expo-dev-menu:generateReleaseRFile
> Task :expo-file-system:compileReleaseLibraryResources
> Task :expo-dev-menu-interface:generateReleaseRFile
> Task :expo-file-system:parseReleaseLocalResources
> Task :expo-font:compileReleaseLibraryResources
> Task :expo-font:parseReleaseLocalResources
> Task :expo-json-utils:compileReleaseLibraryResources
> Task :expo-file-system:generateReleaseRFile
> Task :expo-font:generateReleaseRFile
> Task :expo-json-utils:parseReleaseLocalResources
> Task :expo-keep-awake:compileReleaseLibraryResources
> Task :expo-keep-awake:parseReleaseLocalResources
> Task :expo-linking:compileReleaseLibraryResources
> Task :expo-json-utils:generateReleaseRFile
> Task :expo-dev-menu:compileReleaseLibraryResources
> Task :expo-keep-awake:generateReleaseRFile
> Task :expo-linking:parseReleaseLocalResources
> Task :expo-manifests:compileReleaseLibraryResources
> Task :expo-manifests:parseReleaseLocalResources
> Task :expo-linking:generateReleaseRFile
> Task :expo-modules-core:compileReleaseLibraryResources
> Task :expo-manifests:generateReleaseRFile
> Task :expo-modules-core:parseReleaseLocalResources
> Task :expo-system-ui:compileReleaseLibraryResources
> Task :expo-modules-core:generateReleaseRFile
> Task :expo-system-ui:parseReleaseLocalResources
> Task :expo-updates-interface:compileReleaseLibraryResources
> Task :expo-updates-interface:parseReleaseLocalResources
> Task :expo-updates-interface:generateReleaseRFile
> Task :expo-web-browser:compileReleaseLibraryResources
> Task :expo-web-browser:parseReleaseLocalResources
> Task :expo-system-ui:generateReleaseRFile
> Task :react-native-async-storage_async-storage:compileReleaseLibraryResources UP-TO-DATE
> Task :expo-web-browser:generateReleaseRFile
> Task :react-native-async-storage_async-storage:parseReleaseLocalResources UP-TO-DATE
> Task :react-native-async-storage_async-storage:generateReleaseRFile UP-TO-DATE
> Task :react-native-reanimated:compileReleaseLibraryResources UP-TO-DATE
> Task :react-native-reanimated:parseReleaseLocalResources UP-TO-DATE
> Task :react-native-reanimated:generateReleaseRFile UP-TO-DATE
> Task :react-native-safe-area-context:compileReleaseLibraryResources UP-TO-DATE
> Task :react-native-safe-area-context:parseReleaseLocalResources UP-TO-DATE
> Task :react-native-safe-area-context:generateReleaseRFile UP-TO-DATE
> Task :react-native-screens:compileReleaseLibraryResources UP-TO-DATE
> Task :react-native-screens:parseReleaseLocalResources UP-TO-DATE
> Task :react-native-screens:generateReleaseRFile UP-TO-DATE
> Task :react-native-svg:compileReleaseLibraryResources UP-TO-DATE
> Task :react-native-svg:parseReleaseLocalResources UP-TO-DATE
> Task :react-native-svg:generateReleaseRFile UP-TO-DATE
> Task :expo:checkKotlinGradlePluginConfigurationErrors
> Task :expo:generateReleaseBuildConfig
> Task :expo-application:checkKotlinGradlePluginConfigurationErrors
> Task :expo-application:generateReleaseBuildConfig
> Task :expo-modules-core:checkKotlinGradlePluginConfigurationErrors
> Task :expo-modules-core:generateReleaseBuildConfig
> Task :app:processReleaseResources
> Task :expo-asset:checkKotlinGradlePluginConfigurationErrors
> Task :expo-modules-core:javaPreCompileRelease
> Task :expo-application:javaPreCompileRelease
> Task :expo-asset:generateReleaseBuildConfig
> Task :expo-constants:checkKotlinGradlePluginConfigurationErrors
> Task :expo-asset:javaPreCompileRelease
> Task :expo-constants:generateReleaseBuildConfig
> Task :expo-crypto:checkKotlinGradlePluginConfigurationErrors
> Task :expo-constants:javaPreCompileRelease
> Task :expo-crypto:generateReleaseBuildConfig
> Task :expo-dev-client:checkKotlinGradlePluginConfigurationErrors
> Task :expo-crypto:javaPreCompileRelease
> Task :expo-dev-client:dataBindingMergeDependencyArtifactsRelease
> Task :expo-dev-client:generateReleaseBuildConfig
> Task :expo-dev-client:dataBindingGenBaseClassesRelease
> Task :expo-dev-launcher:checkKotlinGradlePluginConfigurationErrors
> Task :expo-dev-client:javaPreCompileRelease
> Task :expo-dev-launcher:dataBindingMergeDependencyArtifactsRelease
> Task :expo-dev-launcher:generateReleaseBuildConfig
> Task :expo-dev-launcher:dataBindingGenBaseClassesRelease
> Task :expo-dev-menu:checkKotlinGradlePluginConfigurationErrors
> Task :expo-dev-menu:generateReleaseBuildConfig
> Task :expo-dev-menu-interface:checkKotlinGradlePluginConfigurationErrors
> Task :expo-dev-menu-interface:generateReleaseBuildConfig
> Task :expo-json-utils:checkKotlinGradlePluginConfigurationErrors
> Task :expo-dev-menu-interface:javaPreCompileRelease
> Task :expo-json-utils:generateReleaseBuildConfig
> Task :expo-manifests:checkKotlinGradlePluginConfigurationErrors
> Task :expo-json-utils:javaPreCompileRelease
> Task :expo-manifests:generateReleaseBuildConfig
> Task :expo-manifests:javaPreCompileRelease
> Task :expo-updates-interface:checkKotlinGradlePluginConfigurationErrors
> Task :expo-dev-menu:javaPreCompileRelease
> Task :expo-updates-interface:generateReleaseBuildConfig
> Task :expo-updates-interface:javaPreCompileRelease
> Task :expo-file-system:checkKotlinGradlePluginConfigurationErrors
> Task :expo-dev-launcher:javaPreCompileRelease
> Task :expo-file-system:generateReleaseBuildConfig
> Task :expo-font:checkKotlinGradlePluginConfigurationErrors
> Task :expo-file-system:javaPreCompileRelease
> Task :expo-font:generateReleaseBuildConfig
> Task :expo-keep-awake:checkKotlinGradlePluginConfigurationErrors
> Task :expo-font:javaPreCompileRelease
> Task :expo-keep-awake:generateReleaseBuildConfig
> Task :expo-linking:checkKotlinGradlePluginConfigurationErrors
> Task :expo-keep-awake:javaPreCompileRelease
> Task :expo-linking:generateReleaseBuildConfig
> Task :expo-system-ui:checkKotlinGradlePluginConfigurationErrors
> Task :expo-linking:javaPreCompileRelease
> Task :expo-system-ui:generateReleaseBuildConfig
> Task :expo-web-browser:checkKotlinGradlePluginConfigurationErrors
> Task :expo-system-ui:javaPreCompileRelease
> Task :expo-web-browser:generateReleaseBuildConfig
> Task :expo-web-browser:javaPreCompileRelease
> Task :expo:javaPreCompileRelease
> Task :react-native-async-storage_async-storage:generateReleaseBuildConfig UP-TO-DATE
> Task :react-native-async-storage_async-storage:javaPreCompileRelease UP-TO-DATE
> Task :react-native-async-storage_async-storage:compileReleaseJavaWithJavac UP-TO-DATE
> Task :react-native-async-storage_async-storage:bundleLibCompileToJarRelease UP-TO-DATE
> Task :react-native-reanimated:generateReleaseBuildConfig UP-TO-DATE
> Task :react-native-reanimated:javaPreCompileRelease UP-TO-DATE
> Task :react-native-reanimated:packageNdkLibs NO-SOURCE
> Task :react-native-reanimated:compileReleaseJavaWithJavac UP-TO-DATE
> Task :react-native-reanimated:bundleLibCompileToJarRelease UP-TO-DATE
> Task :react-native-safe-area-context:checkKotlinGradlePluginConfigurationErrors
> Task :react-native-safe-area-context:generateReleaseBuildConfig UP-TO-DATE
> Task :react-native-safe-area-context:compileReleaseKotlin UP-TO-DATE
> Task :react-native-safe-area-context:javaPreCompileRelease UP-TO-DATE
> Task :react-native-safe-area-context:compileReleaseJavaWithJavac UP-TO-DATE
> Task :react-native-safe-area-context:bundleLibCompileToJarRelease UP-TO-DATE
> Task :react-native-screens:checkKotlinGradlePluginConfigurationErrors
> Task :react-native-screens:generateReleaseBuildConfig UP-TO-DATE
> Task :react-native-screens:compileReleaseKotlin UP-TO-DATE
> Task :react-native-screens:javaPreCompileRelease UP-TO-DATE
> Task :react-native-screens:compileReleaseJavaWithJavac UP-TO-DATE
> Task :react-native-screens:bundleLibCompileToJarRelease UP-TO-DATE
> Task :react-native-svg:generateReleaseBuildConfig UP-TO-DATE
> Task :react-native-svg:javaPreCompileRelease UP-TO-DATE
> Task :react-native-svg:compileReleaseJavaWithJavac UP-TO-DATE
> Task :react-native-svg:bundleLibCompileToJarRelease UP-TO-DATE
> Task :app:buildKotlinToolingMetadata
> Task :app:javaPreCompileRelease
> Task :app:extractProguardFiles
> Task :expo:extractProguardFiles
> Task :expo-application:extractProguardFiles
> Task :expo-modules-core:extractProguardFiles
> Task :expo-modules-core:prepareLintJarForPublish UP-TO-DATE
> Task :expo-application:prepareLintJarForPublish UP-TO-DATE
> Task :expo-asset:extractProguardFiles
> Task :expo-asset:prepareLintJarForPublish UP-TO-DATE
> Task :expo-constants:extractProguardFiles
> Task :expo-constants:prepareLintJarForPublish UP-TO-DATE
> Task :expo-crypto:extractProguardFiles
> Task :expo-crypto:prepareLintJarForPublish UP-TO-DATE
> Task :expo-dev-client:extractProguardFiles
> Task :expo-dev-client:prepareLintJarForPublish UP-TO-DATE
> Task :expo-dev-launcher:extractProguardFiles
> Task :expo-dev-menu:extractProguardFiles
> Task :expo-dev-menu-interface:extractProguardFiles
> Task :expo-dev-menu-interface:prepareLintJarForPublish UP-TO-DATE
> Task :expo-json-utils:extractProguardFiles
> Task :expo-json-utils:prepareLintJarForPublish UP-TO-DATE
> Task :expo-manifests:extractProguardFiles
> Task :expo-manifests:prepareLintJarForPublish UP-TO-DATE
> Task :expo-dev-menu:prepareLintJarForPublish UP-TO-DATE
> Task :expo-updates-interface:extractProguardFiles
> Task :expo-updates-interface:prepareLintJarForPublish UP-TO-DATE
> Task :expo-dev-launcher:prepareLintJarForPublish UP-TO-DATE
> Task :expo-file-system:extractProguardFiles
> Task :expo-file-system:prepareLintJarForPublish UP-TO-DATE
> Task :expo-font:extractProguardFiles
> Task :expo-font:prepareLintJarForPublish UP-TO-DATE
> Task :expo-keep-awake:extractProguardFiles
> Task :expo-keep-awake:prepareLintJarForPublish UP-TO-DATE
> Task :expo-linking:extractProguardFiles
> Task :expo-linking:prepareLintJarForPublish UP-TO-DATE
> Task :expo-system-ui:extractProguardFiles
> Task :expo-system-ui:prepareLintJarForPublish UP-TO-DATE
> Task :expo-web-browser:extractProguardFiles
> Task :expo-web-browser:prepareLintJarForPublish UP-TO-DATE
> Task :expo:prepareLintJarForPublish UP-TO-DATE
> Task :react-native-async-storage_async-storage:bundleLibRuntimeToJarRelease UP-TO-DATE
> Task :react-native-async-storage_async-storage:processReleaseJavaRes NO-SOURCE
> Task :react-native-async-storage_async-storage:createFullJarRelease UP-TO-DATE
> Task :react-native-async-storage_async-storage:extractProguardFiles UP-TO-DATE
> Task :react-native-async-storage_async-storage:generateReleaseLintModel UP-TO-DATE
> Task :react-native-async-storage_async-storage:prepareLintJarForPublish UP-TO-DATE
> Task :react-native-reanimated:bundleLibRuntimeToJarRelease UP-TO-DATE
> Task :react-native-reanimated:processReleaseJavaRes NO-SOURCE
> Task :react-native-reanimated:createFullJarRelease UP-TO-DATE
> Task :react-native-reanimated:extractProguardFiles UP-TO-DATE
> Task :react-native-reanimated:generateReleaseLintModel UP-TO-DATE
> Task :react-native-reanimated:prepareLintJarForPublish UP-TO-DATE
> Task :react-native-safe-area-context:bundleLibRuntimeToJarRelease UP-TO-DATE
> Task :react-native-safe-area-context:processReleaseJavaRes UP-TO-DATE
> Task :react-native-safe-area-context:createFullJarRelease UP-TO-DATE
> Task :react-native-safe-area-context:extractProguardFiles UP-TO-DATE
> Task :react-native-safe-area-context:generateReleaseLintModel UP-TO-DATE
> Task :react-native-safe-area-context:prepareLintJarForPublish UP-TO-DATE
> Task :react-native-screens:bundleLibRuntimeToJarRelease UP-TO-DATE
> Task :react-native-screens:processReleaseJavaRes UP-TO-DATE
> Task :react-native-screens:createFullJarRelease UP-TO-DATE
> Task :react-native-screens:extractProguardFiles UP-TO-DATE
> Task :react-native-screens:generateReleaseLintModel UP-TO-DATE
> Task :react-native-screens:prepareLintJarForPublish UP-TO-DATE
> Task :react-native-svg:bundleLibRuntimeToJarRelease UP-TO-DATE
> Task :react-native-svg:processReleaseJavaRes NO-SOURCE
> Task :react-native-svg:createFullJarRelease UP-TO-DATE
> Task :react-native-svg:extractProguardFiles UP-TO-DATE
> Task :react-native-svg:generateReleaseLintModel UP-TO-DATE
> Task :react-native-svg:prepareLintJarForPublish UP-TO-DATE
> Task :expo:mergeReleaseJniLibFolders
> Task :expo:mergeReleaseNativeLibs NO-SOURCE
> Task :expo:stripReleaseDebugSymbols NO-SOURCE
> Task :expo:extractDeepLinksForAarRelease UP-TO-DATE
> Task :expo:copyReleaseJniLibsProjectAndLocalJars
> Task :expo:mergeReleaseShaders
> Task :expo:compileReleaseShaders NO-SOURCE
> Task :expo:generateReleaseAssets UP-TO-DATE
> Task :expo:packageReleaseAssets
> Task :expo:prepareReleaseArtProfile UP-TO-DATE
> Task :react-native-safe-area-context:mergeReleaseJniLibFolders UP-TO-DATE
> Task :react-native-safe-area-context:mergeReleaseNativeLibs NO-SOURCE
> Task :react-native-safe-area-context:stripReleaseDebugSymbols NO-SOURCE
> Task :react-native-safe-area-context:copyReleaseJniLibsProjectAndLocalJars UP-TO-DATE
> Task :react-native-safe-area-context:extractDeepLinksForAarRelease UP-TO-DATE
> Task :react-native-safe-area-context:extractReleaseAnnotations UP-TO-DATE
> Task :react-native-safe-area-context:mergeReleaseGeneratedProguardFiles UP-TO-DATE
> Task :react-native-safe-area-context:mergeReleaseConsumerProguardFiles UP-TO-DATE
> Task :react-native-safe-area-context:mergeReleaseShaders UP-TO-DATE
> Task :react-native-safe-area-context:compileReleaseShaders NO-SOURCE
> Task :react-native-safe-area-context:generateReleaseAssets UP-TO-DATE
> Task :react-native-safe-area-context:packageReleaseAssets UP-TO-DATE
> Task :react-native-safe-area-context:prepareReleaseArtProfile UP-TO-DATE
> Task :react-native-safe-area-context:mergeReleaseJavaResource UP-TO-DATE
> Task :react-native-safe-area-context:syncReleaseLibJars UP-TO-DATE
> Task :react-native-safe-area-context:bundleReleaseLocalLintAar UP-TO-DATE
> Task :react-native-screens:configureCMakeRelWithDebInfo[arm64-v8a]
> Task :react-native-screens:buildCMakeRelWithDebInfo[arm64-v8a]
> Task :react-native-screens:configureCMakeRelWithDebInfo[armeabi-v7a]
> Task :react-native-screens:buildCMakeRelWithDebInfo[armeabi-v7a]
> Task :react-native-screens:configureCMakeRelWithDebInfo[x86]
> Task :react-native-screens:buildCMakeRelWithDebInfo[x86]
> Task :react-native-screens:configureCMakeRelWithDebInfo[x86_64]
> Task :react-native-screens:buildCMakeRelWithDebInfo[x86_64]
> Task :react-native-screens:mergeReleaseJniLibFolders UP-TO-DATE
> Task :react-native-screens:mergeReleaseNativeLibs UP-TO-DATE
> Task :react-native-screens:stripReleaseDebugSymbols UP-TO-DATE
> Task :react-native-screens:copyReleaseJniLibsProjectAndLocalJars UP-TO-DATE
> Task :react-native-screens:extractDeepLinksForAarRelease UP-TO-DATE
> Task :react-native-screens:extractReleaseAnnotations UP-TO-DATE
> Task :react-native-screens:mergeReleaseGeneratedProguardFiles UP-TO-DATE
> Task :react-native-screens:mergeReleaseConsumerProguardFiles UP-TO-DATE
> Task :react-native-screens:mergeReleaseShaders UP-TO-DATE
> Task :react-native-screens:compileReleaseShaders NO-SOURCE
> Task :react-native-screens:generateReleaseAssets UP-TO-DATE
> Task :react-native-screens:packageReleaseAssets UP-TO-DATE
> Task :react-native-screens:prepareReleaseArtProfile UP-TO-DATE
> Task :react-native-screens:mergeReleaseJavaResource UP-TO-DATE
> Task :react-native-screens:syncReleaseLibJars UP-TO-DATE
> Task :react-native-screens:bundleReleaseLocalLintAar UP-TO-DATE
> Task :react-native-async-storage_async-storage:mergeReleaseJniLibFolders UP-TO-DATE
> Task :react-native-async-storage_async-storage:mergeReleaseNativeLibs NO-SOURCE
> Task :react-native-async-storage_async-storage:stripReleaseDebugSymbols NO-SOURCE
> Task :react-native-async-storage_async-storage:copyReleaseJniLibsProjectAndLocalJars UP-TO-DATE
> Task :react-native-async-storage_async-storage:extractDeepLinksForAarRelease UP-TO-DATE
> Task :react-native-async-storage_async-storage:extractReleaseAnnotations UP-TO-DATE
> Task :react-native-async-storage_async-storage:mergeReleaseGeneratedProguardFiles UP-TO-DATE
> Task :react-native-async-storage_async-storage:mergeReleaseConsumerProguardFiles UP-TO-DATE
> Task :react-native-async-storage_async-storage:mergeReleaseShaders UP-TO-DATE
> Task :react-native-async-storage_async-storage:compileReleaseShaders NO-SOURCE
> Task :react-native-async-storage_async-storage:generateReleaseAssets UP-TO-DATE
> Task :react-native-async-storage_async-storage:packageReleaseAssets UP-TO-DATE
> Task :react-native-async-storage_async-storage:prepareReleaseArtProfile UP-TO-DATE
> Task :react-native-async-storage_async-storage:mergeReleaseJavaResource UP-TO-DATE
> Task :react-native-async-storage_async-storage:syncReleaseLibJars UP-TO-DATE
> Task :react-native-async-storage_async-storage:bundleReleaseLocalLintAar UP-TO-DATE
> Task :react-native-reanimated:configureCMakeRelWithDebInfo[arm64-v8a]
> Task :expo-modules-core:compileReleaseKotlin
> Task :react-native-reanimated:buildCMakeRelWithDebInfo[arm64-v8a]
> Task :expo-modules-core:compileReleaseJavaWithJavac
> Task :expo-modules-core:processReleaseJavaRes
> Task :expo-modules-core:bundleLibCompileToJarRelease
> Task :expo-modules-core:bundleLibRuntimeToJarRelease
> Task :expo-modules-core:generateReleaseLintModel
> Task :expo-application:compileReleaseKotlin
> Task :expo-asset:compileReleaseKotlin
> Task :expo-constants:compileReleaseKotlin
> Task :expo-crypto:compileReleaseKotlin
> Task :expo-application:compileReleaseJavaWithJavac
> Task :expo-application:bundleLibCompileToJarRelease
> Task :expo-asset:compileReleaseJavaWithJavac
> Task :expo-asset:bundleLibCompileToJarRelease
> Task :expo-constants:compileReleaseJavaWithJavac
> Task :expo-constants:bundleLibCompileToJarRelease
> Task :expo-crypto:compileReleaseJavaWithJavac
> Task :expo-dev-client:compileReleaseKotlin NO-SOURCE
> Task :expo-crypto:bundleLibCompileToJarRelease
> Task :expo-dev-client:compileReleaseJavaWithJavac
> Task :expo-dev-client:bundleLibCompileToJarRelease
> Task :expo-json-utils:compileReleaseKotlin
> Task :expo-updates-interface:compileReleaseKotlin
> Task :expo-dev-menu-interface:compileReleaseKotlin
> Task :expo-json-utils:compileReleaseJavaWithJavac
> Task :expo-dev-menu-interface:compileReleaseJavaWithJavac
> Task :expo-dev-menu-interface:bundleLibCompileToJarRelease
> Task :expo-json-utils:bundleLibCompileToJarRelease
> Task :expo-updates-interface:compileReleaseJavaWithJavac
> Task :expo-updates-interface:bundleLibCompileToJarRelease
> Task :expo-font:compileReleaseKotlin
> Task :expo-linking:compileReleaseKotlin
> Task :expo-file-system:compileReleaseKotlin
> Task :expo-keep-awake:compileReleaseKotlin

> Task :expo-manifests:compileReleaseKotlin
w: file:///Z:/frontend/node_modules/expo-manifests/android/src/main/java/expo/modules/manifests/core/EmbeddedManifest.kt:19:16 This declaration overrides deprecated member but not marked as deprecated itself. Please add @Deprecated annotation or suppress. See https://youtrack.jetbrains.com/issue/KT-47902 for details
w: file:///Z:/frontend/node_modules/expo-manifests/android/src/main/java/expo/modules/manifests/core/EmbeddedManifest.kt:19:86 'getLegacyID(): String' is deprecated. Prefer scopeKey or projectId depending on use case
w: file:///Z:/frontend/node_modules/expo-manifests/android/src/main/java/expo/modules/manifests/core/ExpoUpdatesManifest.kt:16:16 This declaration overrides deprecated member but not marked as deprecated itself. Please add @Deprecated annotation or suppress. See https://youtrack.jetbrains.com/issue/KT-47902 for details
w: file:///Z:/frontend/node_modules/expo-manifests/android/src/main/java/expo/modules/manifests/core/Manifest.kt:15:12 'getRawJson(): JSONObject' is deprecated. Prefer to use specific field getters

> Task :expo-system-ui:compileReleaseKotlin

> Task :expo-web-browser:compileReleaseKotlin
w: file:///Z:/frontend/node_modules/expo-web-browser/android/src/main/java/expo/modules/webbrowser/WebBrowserModule.kt:112:15 'setToolbarColor(Int): CustomTabsIntent.Builder' is deprecated. Deprecated in Java
w: file:///Z:/frontend/node_modules/expo-web-browser/android/src/main/java/expo/modules/webbrowser/WebBrowserModule.kt:117:15 'setSecondaryToolbarColor(Int): CustomTabsIntent.Builder' is deprecated. Deprecated in Java
w: file:///Z:/frontend/node_modules/expo-web-browser/android/src/main/java/expo/modules/webbrowser/WebBrowserModule.kt:123:15 'addDefaultShareMenuItem(): CustomTabsIntent.Builder' is deprecated. Deprecated in Java

> Task :expo-font:compileReleaseJavaWithJavac
> Task :expo-manifests:compileReleaseJavaWithJavac
> Task :expo-manifests:bundleLibCompileToJarRelease
> Task :expo-file-system:compileReleaseJavaWithJavac
> Task :expo-font:bundleLibCompileToJarRelease
> Task :expo-file-system:bundleLibCompileToJarRelease
> Task :expo-keep-awake:compileReleaseJavaWithJavac
> Task :expo-keep-awake:bundleLibCompileToJarRelease
> Task :expo-linking:compileReleaseJavaWithJavac
> Task :expo-linking:bundleLibCompileToJarRelease
> Task :expo-system-ui:compileReleaseJavaWithJavac
> Task :expo-system-ui:bundleLibCompileToJarRelease
> Task :expo-web-browser:compileReleaseJavaWithJavac
> Task :expo-web-browser:bundleLibCompileToJarRelease
> Task :expo-application:bundleLibRuntimeToJarRelease
> Task :expo-application:processReleaseJavaRes
> Task :expo-application:createFullJarRelease
> Task :expo-modules-core:createFullJarRelease
> Task :expo-application:generateReleaseLintModel
> Task :expo-asset:bundleLibRuntimeToJarRelease
> Task :expo-asset:processReleaseJavaRes
> Task :expo-asset:createFullJarRelease
> Task :expo-asset:generateReleaseLintModel
> Task :expo-constants:bundleLibRuntimeToJarRelease
> Task :expo-constants:processReleaseJavaRes
> Task :expo-constants:createFullJarRelease
> Task :expo-constants:generateReleaseLintModel
> Task :expo-crypto:bundleLibRuntimeToJarRelease
> Task :expo-crypto:processReleaseJavaRes
> Task :expo-crypto:createFullJarRelease
> Task :expo-crypto:generateReleaseLintModel
> Task :expo-dev-client:processReleaseJavaRes NO-SOURCE
> Task :expo-dev-client:bundleLibRuntimeToJarRelease
> Task :expo-dev-client:createFullJarRelease
> Task :expo-dev-client:generateReleaseLintModel
> Task :expo-dev-menu-interface:bundleLibRuntimeToJarRelease
> Task :expo-dev-menu-interface:processReleaseJavaRes
> Task :expo-dev-menu-interface:createFullJarRelease
> Task :expo-dev-menu-interface:generateReleaseLintModel
> Task :expo-json-utils:bundleLibRuntimeToJarRelease
> Task :expo-json-utils:processReleaseJavaRes
> Task :expo-json-utils:createFullJarRelease
> Task :expo-json-utils:generateReleaseLintModel
> Task :expo-manifests:bundleLibRuntimeToJarRelease
> Task :expo-manifests:processReleaseJavaRes
> Task :expo-manifests:createFullJarRelease
> Task :expo-manifests:generateReleaseLintModel
> Task :expo-updates-interface:bundleLibRuntimeToJarRelease
> Task :expo-updates-interface:processReleaseJavaRes
> Task :expo-updates-interface:createFullJarRelease
> Task :expo-updates-interface:generateReleaseLintModel
> Task :expo-file-system:processReleaseJavaRes
> Task :expo-file-system:bundleLibRuntimeToJarRelease
> Task :expo-file-system:generateReleaseLintModel
> Task :expo-file-system:createFullJarRelease
> Task :expo-font:processReleaseJavaRes
> Task :expo-font:generateReleaseLintModel
> Task :expo-keep-awake:bundleLibRuntimeToJarRelease
> Task :expo-font:bundleLibRuntimeToJarRelease
> Task :expo-keep-awake:processReleaseJavaRes
> Task :expo-font:createFullJarRelease
> Task :expo-keep-awake:createFullJarRelease
> Task :expo-keep-awake:generateReleaseLintModel
> Task :expo-linking:bundleLibRuntimeToJarRelease
> Task :expo-linking:processReleaseJavaRes
> Task :expo-linking:createFullJarRelease

> Task :expo-dev-menu:compileReleaseKotlin
w: file:///Z:/frontend/node_modules/expo-dev-menu/android/src/main/java/com/facebook/react/devsupport/DevMenuSettingsBase.kt:6:27 'PreferenceManager' is deprecated. Deprecated in Java
w: file:///Z:/frontend/node_modules/expo-dev-menu/android/src/main/java/com/facebook/react/devsupport/DevMenuSettingsBase.kt:18:51 'PreferenceManager' is deprecated. Deprecated in Java
w: file:///Z:/frontend/node_modules/expo-dev-menu/android/src/main/java/com/facebook/react/devsupport/DevMenuSettingsBase.kt:18:69 'getDefaultSharedPreferences(Context!): SharedPreferences!' is deprecated. Deprecated in Java
w: file:///Z:/frontend/node_modules/expo-dev-menu/android/src/main/java/com/facebook/react/devsupport/DevMenuSettingsBase.kt:56:16 This declaration overrides deprecated member but not marked as deprecated itself. Please add @Deprecated annotation or suppress. See https://youtrack.jetbrains.com/issue/KT-47902 for details
w: file:///Z:/frontend/node_modules/expo-dev-menu/android/src/main/java/expo/modules/devmenu/fab/MovableFloatingActionButton.kt:173:17 'computeBounds(RectF, Boolean): Unit' is deprecated. Deprecated in Java
w: file:///Z:/frontend/node_modules/expo-dev-menu/android/src/main/java/expo/modules/devmenu/helpers/DevMenuOkHttpExtension.kt:58:19 'create(MediaType?, String): RequestBody' is deprecated. Moved to extension function. Put the 'content' argument first to fix Java
w: file:///Z:/frontend/node_modules/expo-dev-menu/android/src/main/java/expo/modules/devmenu/modules/DevMenuModule.kt:33:44 Elvis operator (?:) always returns the left operand of non-nullable type ReadableMap
w: file:///Z:/frontend/node_modules/expo-dev-menu/android/src/react-native-74/main/expo/modules/devmenu/react/DevMenuPackagerConnectionSettings.kt:16:9 Parameter 'host' is never used
w: file:///Z:/frontend/node_modules/expo-dev-menu/android/src/release/java/expo/modules/devmenu/DevMenuManager.kt:40:42 Returning type parameter has been inferred to Nothing implicitly. Please specify type arguments explicitly to hide this warning. Nothing can produce an exception at runtime.
w: file:///Z:/frontend/node_modules/expo-dev-menu/android/src/release/java/expo/modules/devmenu/DevMenuManager.kt:82:43 The corresponding parameter in the supertype 'DevMenuManagerInterface' is named 'shouldAutoLaunch'. This may cause problems when calling this function with named arguments.
w: file:///Z:/frontend/node_modules/expo-dev-menu/android/src/release/java/expo/modules/devmenu/DevMenuManager.kt:94:17 Parameter 'context' is never used

> Task :expo-linking:generateReleaseLintModel
> Task :expo-system-ui:bundleLibRuntimeToJarRelease
> Task :expo-system-ui:processReleaseJavaRes
> Task :expo-system-ui:createFullJarRelease
> Task :expo-system-ui:generateReleaseLintModel
> Task :expo-web-browser:bundleLibRuntimeToJarRelease
> Task :expo-web-browser:processReleaseJavaRes
> Task :expo-web-browser:createFullJarRelease
> Task :expo-dev-menu:compileReleaseJavaWithJavac
> Task :expo-dev-menu:bundleLibCompileToJarRelease
> Task :expo-dev-menu:bundleLibRuntimeToJarRelease
> Task :expo-dev-menu:processReleaseJavaRes
> Task :expo-dev-menu:createFullJarRelease
> Task :expo-dev-menu:generateReleaseLintModel
> Task :expo-web-browser:generateReleaseLintModel

> Task :expo-dev-launcher:compileReleaseKotlin
w: file:///Z:/frontend/node_modules/expo-dev-launcher/android/src/main/java/expo/modules/devlauncher/helpers/DevLauncherUpdatesHelper.kt:16:3 Parameter 'context' is never used
w: file:///Z:/frontend/node_modules/expo-dev-launcher/android/src/main/java/expo/modules/devlauncher/launcher/DevLauncherRecentlyOpenedAppsRegistry.kt:32:47 Unchecked cast: MutableMap<Any?, Any?> to MutableMap<String, Any>
w: file:///Z:/frontend/node_modules/expo-dev-launcher/android/src/main/java/expo/modules/devlauncher/launcher/DevLauncherRecentlyOpenedAppsRegistry.kt:50:27 'getRawJson(): JSONObject' is deprecated. Prefer to use specific field getters
w: file:///Z:/frontend/node_modules/expo-dev-launcher/android/src/main/java/expo/modules/devlauncher/launcher/configurators/DevLauncherExpoActivityConfigurator.kt:37:23 'constructor TaskDescription(String!, Bitmap!, Int)' is deprecated. Deprecated in Java
w: file:///Z:/frontend/node_modules/expo-dev-launcher/android/src/main/java/expo/modules/devlauncher/launcher/configurators/DevLauncherExpoActivityConfigurator.kt:63:61 'FLAG_TRANSLUCENT_STATUS: Int' is deprecated. Deprecated in Java
w: file:///Z:/frontend/node_modules/expo-dev-launcher/android/src/main/java/expo/modules/devlauncher/launcher/configurators/DevLauncherExpoActivityConfigurator.kt:90:33 Variable 'appliedStatusBarStyle' initializer is redundant
w: file:///Z:/frontend/node_modules/expo-dev-launcher/android/src/main/java/expo/modules/devlauncher/launcher/configurators/DevLauncherExpoActivityConfigurator.kt:92:45 'getter for systemUiVisibility: Int' is deprecated. Deprecated in Java
w: file:///Z:/frontend/node_modules/expo-dev-launcher/android/src/main/java/expo/modules/devlauncher/launcher/configurators/DevLauncherExpoActivityConfigurator.kt:95:68 'SYSTEM_UI_FLAG_LIGHT_STATUS_BAR: Int' is deprecated. Deprecated in Java
w: file:///Z:/frontend/node_modules/expo-dev-launcher/android/src/main/java/expo/modules/devlauncher/launcher/configurators/DevLauncherExpoActivityConfigurator.kt:99:67 'SYSTEM_UI_FLAG_LIGHT_STATUS_BAR: Int' is deprecated. Deprecated in Java
w: file:///Z:/frontend/node_modules/expo-dev-launcher/android/src/main/java/expo/modules/devlauncher/launcher/configurators/DevLauncherExpoActivityConfigurator.kt:103:67 'SYSTEM_UI_FLAG_LIGHT_STATUS_BAR: Int' is deprecated. Deprecated in Java
w: file:///Z:/frontend/node_modules/expo-dev-launcher/android/src/main/java/expo/modules/devlauncher/launcher/configurators/DevLauncherExpoActivityConfigurator.kt:107:15 'setter for systemUiVisibility: Int' is deprecated. Deprecated in Java
w: file:///Z:/frontend/node_modules/expo-dev-launcher/android/src/main/java/expo/modules/devlauncher/launcher/configurators/DevLauncherExpoActivityConfigurator.kt:115:59 'FLAG_FULLSCREEN: Int' is deprecated. Deprecated in Java
w: file:///Z:/frontend/node_modules/expo-dev-launcher/android/src/main/java/expo/modules/devlauncher/launcher/configurators/DevLauncherExpoActivityConfigurator.kt:116:61 'FLAG_FORCE_NOT_FULLSCREEN: Int' is deprecated. Deprecated in Java
w: file:///Z:/frontend/node_modules/expo-dev-launcher/android/src/main/java/expo/modules/devlauncher/launcher/configurators/DevLauncherExpoActivityConfigurator.kt:118:59 'FLAG_FORCE_NOT_FULLSCREEN: Int' is deprecated. Deprecated in Java
w: file:///Z:/frontend/node_modules/expo-dev-launcher/android/src/main/java/expo/modules/devlauncher/launcher/configurators/DevLauncherExpoActivityConfigurator.kt:119:61 'FLAG_FULLSCREEN: Int' is deprecated. Deprecated in Java
w: file:///Z:/frontend/node_modules/expo-dev-launcher/android/src/main/java/expo/modules/devlauncher/launcher/configurators/DevLauncherExpoActivityConfigurator.kt:131:23 'replaceSystemWindowInsets(Int, Int, Int, Int): WindowInsets' is deprecated. Deprecated in Java
w: file:///Z:/frontend/node_modules/expo-dev-launcher/android/src/main/java/expo/modules/devlauncher/launcher/configurators/DevLauncherExpoActivityConfigurator.kt:132:25 'getter for systemWindowInsetLeft: Int' is deprecated. Deprecated in Java
w: file:///Z:/frontend/node_modules/expo-dev-launcher/android/src/main/java/expo/modules/devlauncher/launcher/configurators/DevLauncherExpoActivityConfigurator.kt:134:25 'getter for systemWindowInsetRight: Int' is deprecated. Deprecated in Java
w: file:///Z:/frontend/node_modules/expo-dev-launcher/android/src/main/java/expo/modules/devlauncher/launcher/configurators/DevLauncherExpoActivityConfigurator.kt:135:25 'getter for systemWindowInsetBottom: Int' is deprecated. Deprecated in Java
w: file:///Z:/frontend/node_modules/expo-dev-launcher/android/src/main/java/expo/modules/devlauncher/launcher/configurators/DevLauncherExpoActivityConfigurator.kt:150:15 'setter for statusBarColor: Int' is deprecated. Deprecated in Java
w: file:///Z:/frontend/node_modules/expo-dev-launcher/android/src/main/java/expo/modules/devlauncher/launcher/configurators/DevLauncherExpoActivityConfigurator.kt:160:63 'FLAG_TRANSLUCENT_NAVIGATION: Int' is deprecated. Deprecated in Java
w: file:///Z:/frontend/node_modules/expo-dev-launcher/android/src/main/java/expo/modules/devlauncher/launcher/configurators/DevLauncherExpoActivityConfigurator.kt:161:25 'setter for navigationBarColor: Int' is deprecated. Deprecated in Java
w: file:///Z:/frontend/node_modules/expo-dev-launcher/android/src/main/java/expo/modules/devlauncher/launcher/configurators/DevLauncherExpoActivityConfigurator.kt:171:63 'FLAG_TRANSLUCENT_NAVIGATION: Int' is deprecated. Deprecated in Java
w: file:///Z:/frontend/node_modules/expo-dev-launcher/android/src/main/java/expo/modules/devlauncher/launcher/configurators/DevLauncherExpoActivityConfigurator.kt:175:33 'getter for systemUiVisibility: Int' is deprecated. Deprecated in Java
w: file:///Z:/frontend/node_modules/expo-dev-launcher/android/src/main/java/expo/modules/devlauncher/launcher/configurators/DevLauncherExpoActivityConfigurator.kt:176:33 'SYSTEM_UI_FLAG_LIGHT_NAVIGATION_BAR: Int' is deprecated. Deprecated in Java
w: file:///Z:/frontend/node_modules/expo-dev-launcher/android/src/main/java/expo/modules/devlauncher/launcher/configurators/DevLauncherExpoActivityConfigurator.kt:177:21 'setter for systemUiVisibility: Int' is deprecated. Deprecated in Java
w: file:///Z:/frontend/node_modules/expo-dev-launcher/android/src/main/java/expo/modules/devlauncher/launcher/configurators/DevLauncherExpoActivityConfigurator.kt:190:29 'getter for systemUiVisibility: Int' is deprecated. Deprecated in Java
w: file:///Z:/frontend/node_modules/expo-dev-launcher/android/src/main/java/expo/modules/devlauncher/launcher/configurators/DevLauncherExpoActivityConfigurator.kt:191:62 'SYSTEM_UI_FLAG_HIDE_NAVIGATION: Int' is deprecated. Deprecated in Java
w: file:///Z:/frontend/node_modules/expo-dev-launcher/android/src/main/java/expo/modules/devlauncher/launcher/configurators/DevLauncherExpoActivityConfigurator.kt:191:101 'SYSTEM_UI_FLAG_FULLSCREEN: Int' is deprecated. Deprecated in Java
w: file:///Z:/frontend/node_modules/expo-dev-launcher/android/src/main/java/expo/modules/devlauncher/launcher/configurators/DevLauncherExpoActivityConfigurator.kt:192:63 'SYSTEM_UI_FLAG_HIDE_NAVIGATION: Int' is deprecated. Deprecated in Java
w: file:///Z:/frontend/node_modules/expo-dev-launcher/android/src/main/java/expo/modules/devlauncher/launcher/configurators/DevLauncherExpoActivityConfigurator.kt:192:102 'SYSTEM_UI_FLAG_FULLSCREEN: Int' is deprecated. Deprecated in Java
w: file:///Z:/frontend/node_modules/expo-dev-launcher/android/src/main/java/expo/modules/devlauncher/launcher/configurators/DevLauncherExpoActivityConfigurator.kt:192:136 'SYSTEM_UI_FLAG_IMMERSIVE: Int' is deprecated. Deprecated in Java
w: file:///Z:/frontend/node_modules/expo-dev-launcher/android/src/main/java/expo/modules/devlauncher/launcher/configurators/DevLauncherExpoActivityConfigurator.kt:193:70 'SYSTEM_UI_FLAG_HIDE_NAVIGATION: Int' is deprecated. Deprecated in Java
w: file:///Z:/frontend/node_modules/expo-dev-launcher/android/src/main/java/expo/modules/devlauncher/launcher/configurators/DevLauncherExpoActivityConfigurator.kt:193:109 'SYSTEM_UI_FLAG_FULLSCREEN: Int' is deprecated. Deprecated in Java
w: file:///Z:/frontend/node_modules/expo-dev-launcher/android/src/main/java/expo/modules/devlauncher/launcher/configurators/DevLauncherExpoActivityConfigurator.kt:193:143 'SYSTEM_UI_FLAG_IMMERSIVE_STICKY: Int' is deprecated. Deprecated in Java
w: file:///Z:/frontend/node_modules/expo-dev-launcher/android/src/main/java/expo/modules/devlauncher/launcher/configurators/DevLauncherExpoActivityConfigurator.kt:196:17 'setter for systemUiVisibility: Int' is deprecated. Deprecated in Java
w: file:///Z:/frontend/node_modules/expo-dev-launcher/android/src/main/java/expo/modules/devlauncher/react/DevLauncherPackagerConnectionSettings.kt:12:9 Parameter 'value' is never used
w: file:///Z:/frontend/node_modules/expo-dev-launcher/android/src/release/java/expo/modules/devlauncher/DevLauncherController.kt:102:29 Parameter 'context' is never used
w: file:///Z:/frontend/node_modules/expo-dev-launcher/android/src/release/java/expo/modules/devlauncher/DevLauncherController.kt:102:47 Parameter 'reactHost' is never used
w: file:///Z:/frontend/node_modules/expo-dev-launcher/android/src/release/java/expo/modules/devlauncher/DevLauncherController.kt:108:67 Parameter 'launcherClass' is never used
w: file:///Z:/frontend/node_modules/expo-dev-launcher/android/src/release/java/expo/modules/devlauncher/DevLauncherController.kt:113:56 Parameter 'additionalPackages' is never used
w: file:///Z:/frontend/node_modules/expo-dev-launcher/android/src/release/java/expo/modules/devlauncher/DevLauncherController.kt:113:93 Parameter 'launcherClass' is never used
w: file:///Z:/frontend/node_modules/expo-dev-launcher/android/src/release/java/expo/modules/devlauncher/DevLauncherController.kt:118:35 Parameter 'reactActivity' is never used
w: file:///Z:/frontend/node_modules/expo-dev-launcher/android/src/release/java/expo/modules/devlauncher/DevLauncherController.kt:123:27 Parameter 'reactActivity' is never used
w: file:///Z:/frontend/node_modules/expo-dev-launcher/android/src/release/java/expo/modules/devlauncher/DevLauncherController.kt:123:57 Parameter 'intent' is never used
w: file:///Z:/frontend/node_modules/expo-dev-launcher/android/src/release/java/expo/modules/devlauncher/DevLauncherPackageDelegate.kt:12:27 Parameter 'reactContext' is never used
w: file:///Z:/frontend/node_modules/expo-dev-launcher/android/src/release/java/expo/modules/devlauncher/DevLauncherPackageDelegate.kt:13:43 Parameter 'context' is never used
w: file:///Z:/frontend/node_modules/expo-dev-launcher/android/src/release/java/expo/modules/devlauncher/DevLauncherPackageDelegate.kt:14:45 Parameter 'activityContext' is never used
w: file:///Z:/frontend/node_modules/expo-dev-launcher/android/src/release/java/expo/modules/devlauncher/DevLauncherPackageDelegate.kt:15:35 Parameter 'activityContext' is never used
w: file:///Z:/frontend/node_modules/expo-dev-launcher/android/src/release/java/expo/modules/devlauncher/DevLauncherPackageDelegate.kt:16:37 Parameter 'context' is never used
w: file:///Z:/frontend/node_modules/expo-dev-launcher/android/src/release/java/expo/modules/devlauncher/launcher/DevLauncherReactHost.kt:8:14 Parameter 'application' is never used
w: file:///Z:/frontend/node_modules/expo-dev-launcher/android/src/release/java/expo/modules/devlauncher/launcher/DevLauncherReactHost.kt:8:40 Parameter 'launcherIp' is never used
w: file:///Z:/frontend/node_modules/expo-dev-launcher/android/src/release/java/expo/modules/devlauncher/launcher/DevLauncherReactNativeHost.kt:8:60 Parameter 'launcherIp' is never used

> Task :react-native-reanimated:configureCMakeRelWithDebInfo[armeabi-v7a]
C/C++: CMake Warning in src/main/cpp/reanimated/CMakeLists.txt:
C/C++:   The object file directory
C/C++:     D:/document/project/Swell-client/frontend/node_modules/react-native-reanimated/android/.cxx/RelWithDebInfo/1h2w3n5h/armeabi-v7a/src/main/cpp/reanimated/CMakeFiles/reanimated.dir/./
C/C++:   has 180 characters.  The maximum full path to an object file is 250
C/C++:   characters (see CMAKE_OBJECT_PATH_MAX).  Object file
C/C++:     D_/document/project/Swell-client/frontend/node_modules/react-native-reanimated/Common/cpp/reanimated/RuntimeDecorators/ReanimatedWorkletRuntimeDecorator.cpp.o
C/C++:   cannot be safely placed under this directory.  The build may not work
C/C++:   correctly.

> Task :expo-dev-launcher:compileReleaseJavaWithJavac
Note: Z:\frontend\node_modules\expo-dev-launcher\android\src\rn74\main\com\facebook\react\devsupport\NonFinalBridgeDevSupportManager.java uses or overrides a deprecated API.
Note: Recompile with -Xlint:deprecation for details.

> Task :expo-dev-launcher:bundleLibCompileToJarRelease
> Task :expo-dev-launcher:bundleLibRuntimeToJarRelease
> Task :expo-dev-launcher:processReleaseJavaRes
> Task :expo-dev-launcher:createFullJarRelease
> Task :expo-dev-launcher:generateReleaseLintModel

> Task :expo:compileReleaseKotlin
w: file:///Z:/frontend/node_modules/expo/android/src/main/java/expo/modules/ReactActivityDelegateWrapper.kt:163:34 'constructor ReactDelegate(Activity!, ReactNativeHost!, String?, Bundle?)' is deprecated. Deprecated in Java
w: file:///Z:/frontend/node_modules/expo/android/src/main/java/expo/modules/fetch/NativeResponse.kt:40:16 This declaration overrides deprecated member but not marked as deprecated itself. Please add @Deprecated annotation or suppress. See https://youtrack.jetbrains.com/issue/KT-47902 for details
w: file:///Z:/frontend/node_modules/expo/android/src/main/java/expo/modules/fetch/NativeResponse.kt:42:11 'deallocate(): Unit' is deprecated. Use sharedObjectDidRelease() instead.

> Task :react-native-reanimated:buildCMakeRelWithDebInfo[armeabi-v7a] FAILED
C/C++: ninja: error: mkdir(src/main/cpp/reanimated/CMakeFiles/reanimated.dir/D_/document/project/Swell-client/frontend/node_modules/react-native-reanimated/Common): No such file or directory

FAILURE: Build failed with an exception.

* What went wrong:
Execution failed for task ':react-native-reanimated:buildCMakeRelWithDebInfo[armeabi-v7a]'.
> com.android.ide.common.process.ProcessException: ninja: Entering directory `D:\document\project\Swell-client\frontend\node_modules\react-native-reanimated\android\.cxx\RelWithDebInfo\1h2w3n5h\armeabi-v7a'
  [0/2] Re-checking globbed directories...
  [1/37] Building CXX object src/main/cpp/worklets/CMakeFiles/worklets.dir/c01f37f24b10493b4c3af3b067b75ee9/Common/cpp/worklets/Tools/JSLogger.cpp.o
  [2/37] Building CXX object src/main/cpp/worklets/CMakeFiles/worklets.dir/a4230bbfdeb52fbdb5a551fa53bf3aff/worklets/Tools/ReanimatedVersion.cpp.o
  [3/37] Building CXX object src/main/cpp/worklets/CMakeFiles/worklets.dir/69ff9fc35b596e52548e7f96a7e288cb/WorkletRuntime/ReanimatedRuntime.cpp.o
  [4/37] Building CXX object src/main/cpp/worklets/CMakeFiles/worklets.dir/a4230bbfdeb52fbdb5a551fa53bf3aff/worklets/Tools/WorkletEventHandler.cpp.o
  [5/37] Building CXX object src/main/cpp/reanimated/CMakeFiles/reanimated.dir/9528977f71df075ffcb5b01fd54360cb/Fabric/ReanimatedCommitHook.cpp.o
  [6/37] Building CXX object src/main/cpp/worklets/CMakeFiles/worklets.dir/a4230bbfdeb52fbdb5a551fa53bf3aff/worklets/Tools/ReanimatedJSIUtils.cpp.o
  [7/37] Building CXX object src/main/cpp/worklets/CMakeFiles/worklets.dir/138e774be4f33dd0320cd5b82bb9e43d/cpp/worklets/Tools/UIScheduler.cpp.o
  [8/37] Building CXX object src/main/cpp/worklets/CMakeFiles/worklets.dir/138e774be4f33dd0320cd5b82bb9e43d/cpp/worklets/Tools/JSScheduler.cpp.o
  [9/37] Building CXX object src/main/cpp/reanimated/CMakeFiles/reanimated.dir/d6c00effee3ec6923e64e558606125cc/LayoutAnimationsUtils.cpp.o
  [10/37] Building CXX object src/main/cpp/reanimated/CMakeFiles/reanimated.dir/a4230bbfdeb52fbdb5a551fa53bf3aff/reanimated/Fabric/PropsRegistry.cpp.o
  [11/37] Building CXX object src/main/cpp/reanimated/CMakeFiles/reanimated.dir/9528977f71df075ffcb5b01fd54360cb/Fabric/ReanimatedMountHook.cpp.o
  ninja: build stopped: .
  
  C++ build system [build] failed while executing:
      @echo off
      "C:\\Users\\exile\\AppData\\Local\\Android\\Sdk\\cmake\\3.22.1\\bin\\ninja.exe" ^
        -C ^
        "D:\\document\\project\\Swell-client\\frontend\\node_modules\\react-native-reanimated\\android\\.cxx\\RelWithDebInfo\\1h2w3n5h\\armeabi-v7a" ^
        reanimated ^
        worklets
    from D:\document\project\Swell-client\frontend\node_modules\react-native-reanimated\android
  ninja: error: mkdir(src/main/cpp/reanimated/CMakeFiles/reanimated.dir/D_/document/project/Swell-client/frontend/node_modules/react-native-reanimated/Common): No such file or directory

* Try:
> Run with --info or --debug option to get more log output.
> Run with --scan to get full insights.
> Get more help at https://help.gradle.org.

* Exception is:
org.gradle.api.tasks.TaskExecutionException: Execution failed for task ':react-native-reanimated:buildCMakeRelWithDebInfo[armeabi-v7a]'.
	at org.gradle.api.internal.tasks.execution.ExecuteActionsTaskExecuter.lambda$executeIfValid$1(ExecuteActionsTaskExecuter.java:130)
	at org.gradle.internal.Try$Failure.ifSuccessfulOrElse(Try.java:293)
	at org.gradle.api.internal.tasks.execution.ExecuteActionsTaskExecuter.executeIfValid(ExecuteActionsTaskExecuter.java:128)
	at org.gradle.api.internal.tasks.execution.ExecuteActionsTaskExecuter.execute(ExecuteActionsTaskExecuter.java:116)
	at org.gradle.api.internal.tasks.execution.FinalizePropertiesTaskExecuter.execute(FinalizePropertiesTaskExecuter.java:46)
	at org.gradle.api.internal.tasks.execution.ResolveTaskExecutionModeExecuter.execute(ResolveTaskExecutionModeExecuter.java:51)
	at org.gradle.api.internal.tasks.execution.SkipTaskWithNoActionsExecuter.execute(SkipTaskWithNoActionsExecuter.java:57)
	at org.gradle.api.internal.tasks.execution.SkipOnlyIfTaskExecuter.execute(SkipOnlyIfTaskExecuter.java:74)
	at org.gradle.api.internal.tasks.execution.CatchExceptionTaskExecuter.execute(CatchExceptionTaskExecuter.java:36)
	at org.gradle.api.internal.tasks.execution.EventFiringTaskExecuter$1.executeTask(EventFiringTaskExecuter.java:77)
	at org.gradle.api.internal.tasks.execution.EventFiringTaskExecuter$1.call(EventFiringTaskExecuter.java:55)
	at org.gradle.api.internal.tasks.execution.EventFiringTaskExecuter$1.call(EventFiringTaskExecuter.java:52)
	at org.gradle.internal.operations.DefaultBuildOperationRunner$CallableBuildOperationWorker.execute(DefaultBuildOperationRunner.java:209)
	at org.gradle.internal.operations.DefaultBuildOperationRunner$CallableBuildOperationWorker.execute(DefaultBuildOperationRunner.java:204)
	at org.gradle.internal.operations.DefaultBuildOperationRunner$2.execute(DefaultBuildOperationRunner.java:66)
	at org.gradle.internal.operations.DefaultBuildOperationRunner$2.execute(DefaultBuildOperationRunner.java:59)
	at org.gradle.internal.operations.DefaultBuildOperationRunner.execute(DefaultBuildOperationRunner.java:166)
	at org.gradle.internal.operations.DefaultBuildOperationRunner.execute(DefaultBuildOperationRunner.java:59)
	at org.gradle.internal.operations.DefaultBuildOperationRunner.call(DefaultBuildOperationRunner.java:53)
	at org.gradle.api.internal.tasks.execution.EventFiringTaskExecuter.execute(EventFiringTaskExecuter.java:52)
	at org.gradle.execution.plan.LocalTaskNodeExecutor.execute(LocalTaskNodeExecutor.java:42)
	at org.gradle.execution.taskgraph.DefaultTaskExecutionGraph$InvokeNodeExecutorsAction.execute(DefaultTaskExecutionGraph.java:331)
	at org.gradle.execution.taskgraph.DefaultTaskExecutionGraph$InvokeNodeExecutorsAction.execute(DefaultTaskExecutionGraph.java:318)
	at org.gradle.execution.taskgraph.DefaultTaskExecutionGraph$BuildOperationAwareExecutionAction.lambda$execute$0(DefaultTaskExecutionGraph.java:314)
	at org.gradle.internal.operations.CurrentBuildOperationRef.with(CurrentBuildOperationRef.java:85)
	at org.gradle.execution.taskgraph.DefaultTaskExecutionGraph$BuildOperationAwareExecutionAction.execute(DefaultTaskExecutionGraph.java:314)
	at org.gradle.execution.taskgraph.DefaultTaskExecutionGraph$BuildOperationAwareExecutionAction.execute(DefaultTaskExecutionGraph.java:303)
	at org.gradle.execution.plan.DefaultPlanExecutor$ExecutorWorker.execute(DefaultPlanExecutor.java:459)
	at org.gradle.execution.plan.DefaultPlanExecutor$ExecutorWorker.run(DefaultPlanExecutor.java:376)
	at org.gradle.internal.concurrent.ExecutorPolicy$CatchAndRecordFailures.onExecute(ExecutorPolicy.java:64)
	at org.gradle.internal.concurrent.AbstractManagedExecutor$1.run(AbstractManagedExecutor.java:48)
Caused by: org.gradle.internal.UncheckedException: com.android.ide.common.process.ProcessException: ninja: Entering directory `D:\document\project\Swell-client\frontend\node_modules\react-native-reanimated\android\.cxx\RelWithDebInfo\1h2w3n5h\armeabi-v7a'
[0/2] Re-checking globbed directories...
[1/37] Building CXX object src/main/cpp/worklets/CMakeFiles/worklets.dir/c01f37f24b10493b4c3af3b067b75ee9/Common/cpp/worklets/Tools/JSLogger.cpp.o
[2/37] Building CXX object src/main/cpp/worklets/CMakeFiles/worklets.dir/a4230bbfdeb52fbdb5a551fa53bf3aff/worklets/Tools/ReanimatedVersion.cpp.o
[3/37] Building CXX object src/main/cpp/worklets/CMakeFiles/worklets.dir/69ff9fc35b596e52548e7f96a7e288cb/WorkletRuntime/ReanimatedRuntime.cpp.o
[4/37] Building CXX object src/main/cpp/worklets/CMakeFiles/worklets.dir/a4230bbfdeb52fbdb5a551fa53bf3aff/worklets/Tools/WorkletEventHandler.cpp.o
[5/37] Building CXX object src/main/cpp/reanimated/CMakeFiles/reanimated.dir/9528977f71df075ffcb5b01fd54360cb/Fabric/ReanimatedCommitHook.cpp.o
[6/37] Building CXX object src/main/cpp/worklets/CMakeFiles/worklets.dir/a4230bbfdeb52fbdb5a551fa53bf3aff/worklets/Tools/ReanimatedJSIUtils.cpp.o
[7/37] Building CXX object src/main/cpp/worklets/CMakeFiles/worklets.dir/138e774be4f33dd0320cd5b82bb9e43d/cpp/worklets/Tools/UIScheduler.cpp.o
[8/37] Building CXX object src/main/cpp/worklets/CMakeFiles/worklets.dir/138e774be4f33dd0320cd5b82bb9e43d/cpp/worklets/Tools/JSScheduler.cpp.o
[9/37] Building CXX object src/main/cpp/reanimated/CMakeFiles/reanimated.dir/d6c00effee3ec6923e64e558606125cc/LayoutAnimationsUtils.cpp.o
[10/37] Building CXX object src/main/cpp/reanimated/CMakeFiles/reanimated.dir/a4230bbfdeb52fbdb5a551fa53bf3aff/reanimated/Fabric/PropsRegistry.cpp.o
[11/37] Building CXX object src/main/cpp/reanimated/CMakeFiles/reanimated.dir/9528977f71df075ffcb5b01fd54360cb/Fabric/ReanimatedMountHook.cpp.o
ninja: build stopped: .

C++ build system [build] failed while executing:
    @echo off
    "C:\\Users\\exile\\AppData\\Local\\Android\\Sdk\\cmake\\3.22.1\\bin\\ninja.exe" ^
      -C ^
      "D:\\document\\project\\Swell-client\\frontend\\node_modules\\react-native-reanimated\\android\\.cxx\\RelWithDebInfo\\1h2w3n5h\\armeabi-v7a" ^
      reanimated ^
      worklets
  from D:\document\project\Swell-client\frontend\node_modules\react-native-reanimated\android
ninja: error: mkdir(src/main/cpp/reanimated/CMakeFiles/reanimated.dir/D_/document/project/Swell-client/frontend/node_modules/react-native-reanimated/Common): No such file or directory

	at org.gradle.internal.UncheckedException.throwAsUncheckedException(UncheckedException.java:69)
	at org.gradle.internal.UncheckedException.throwAsUncheckedException(UncheckedException.java:42)
	at org.gradle.internal.reflect.JavaMethod.invoke(JavaMethod.java:128)
	at org.gradle.api.internal.project.taskfactory.StandardTaskAction.doExecute(StandardTaskAction.java:58)
	at org.gradle.api.internal.project.taskfactory.StandardTaskAction.execute(StandardTaskAction.java:51)
	at org.gradle.api.internal.project.taskfactory.StandardTaskAction.execute(StandardTaskAction.java:29)
	at org.gradle.api.internal.tasks.execution.TaskExecution$3.run(TaskExecution.java:244)
	at org.gradle.internal.operations.DefaultBuildOperationRunner$1.execute(DefaultBuildOperationRunner.java:29)
	at org.gradle.internal.operations.DefaultBuildOperationRunner$1.execute(DefaultBuildOperationRunner.java:26)
	at org.gradle.internal.operations.DefaultBuildOperationRunner$2.execute(DefaultBuildOperationRunner.java:66)
	at org.gradle.internal.operations.DefaultBuildOperationRunner$2.execute(DefaultBuildOperationRunner.java:59)
	at org.gradle.internal.operations.DefaultBuildOperationRunner.execute(DefaultBuildOperationRunner.java:166)
	at org.gradle.internal.operations.DefaultBuildOperationRunner.execute(DefaultBuildOperationRunner.java:59)
	at org.gradle.internal.operations.DefaultBuildOperationRunner.run(DefaultBuildOperationRunner.java:47)
	at org.gradle.api.internal.tasks.execution.TaskExecution.executeAction(TaskExecution.java:229)
	at org.gradle.api.internal.tasks.execution.TaskExecution.executeActions(TaskExecution.java:212)
	at org.gradle.api.internal.tasks.execution.TaskExecution.executeWithPreviousOutputFiles(TaskExecution.java:195)
	at org.gradle.api.internal.tasks.execution.TaskExecution.execute(TaskExecution.java:162)
	at org.gradle.internal.execution.steps.ExecuteStep.executeInternal(ExecuteStep.java:105)
	at org.gradle.internal.execution.steps.ExecuteStep.access$000(ExecuteStep.java:44)
	at org.gradle.internal.execution.steps.ExecuteStep$1.call(ExecuteStep.java:59)
	at org.gradle.internal.execution.steps.ExecuteStep$1.call(ExecuteStep.java:56)
	at org.gradle.internal.operations.DefaultBuildOperationRunner$CallableBuildOperationWorker.execute(DefaultBuildOperationRunner.java:209)
	at org.gradle.internal.operations.DefaultBuildOperationRunner$CallableBuildOperationWorker.execute(DefaultBuildOperationRunner.java:204)
	at org.gradle.internal.operations.DefaultBuildOperationRunner$2.execute(DefaultBuildOperationRunner.java:66)
	at org.gradle.internal.operations.DefaultBuildOperationRunner$2.execute(DefaultBuildOperationRunner.java:59)
	at org.gradle.internal.operations.DefaultBuildOperationRunner.execute(DefaultBuildOperationRunner.java:166)
	at org.gradle.internal.operations.DefaultBuildOperationRunner.execute(DefaultBuildOperationRunner.java:59)
	at org.gradle.internal.operations.DefaultBuildOperationRunner.call(DefaultBuildOperationRunner.java:53)
	at org.gradle.internal.execution.steps.ExecuteStep.execute(ExecuteStep.java:56)
	at org.gradle.internal.execution.steps.ExecuteStep.execute(ExecuteStep.java:44)
	at org.gradle.internal.execution.steps.CancelExecutionStep.execute(CancelExecutionStep.java:42)
	at org.gradle.internal.execution.steps.TimeoutStep.executeWithoutTimeout(TimeoutStep.java:75)
	at org.gradle.internal.execution.steps.TimeoutStep.execute(TimeoutStep.java:55)
	at org.gradle.internal.execution.steps.PreCreateOutputParentsStep.execute(PreCreateOutputParentsStep.java:50)
	at org.gradle.internal.execution.steps.PreCreateOutputParentsStep.execute(PreCreateOutputParentsStep.java:28)
	at org.gradle.internal.execution.steps.RemovePreviousOutputsStep.execute(RemovePreviousOutputsStep.java:67)
	at org.gradle.internal.execution.steps.RemovePreviousOutputsStep.execute(RemovePreviousOutputsStep.java:37)
	at org.gradle.internal.execution.steps.BroadcastChangingOutputsStep.execute(BroadcastChangingOutputsStep.java:61)
	at org.gradle.internal.execution.steps.BroadcastChangingOutputsStep.execute(BroadcastChangingOutputsStep.java:26)
	at org.gradle.internal.execution.steps.CaptureOutputsAfterExecutionStep.execute(CaptureOutputsAfterExecutionStep.java:69)
	at org.gradle.internal.execution.steps.CaptureOutputsAfterExecutionStep.execute(CaptureOutputsAfterExecutionStep.java:46)
	at org.gradle.internal.execution.steps.ResolveInputChangesStep.execute(ResolveInputChangesStep.java:40)
	at org.gradle.internal.execution.steps.ResolveInputChangesStep.execute(ResolveInputChangesStep.java:29)
	at org.gradle.internal.execution.steps.BuildCacheStep.executeWithoutCache(BuildCacheStep.java:189)
	at org.gradle.internal.execution.steps.BuildCacheStep.lambda$execute$1(BuildCacheStep.java:75)
	at org.gradle.internal.Either$Right.fold(Either.java:175)
	at org.gradle.internal.execution.caching.CachingState.fold(CachingState.java:62)
	at org.gradle.internal.execution.steps.BuildCacheStep.execute(BuildCacheStep.java:73)
	at org.gradle.internal.execution.steps.BuildCacheStep.execute(BuildCacheStep.java:48)
	at org.gradle.internal.execution.steps.StoreExecutionStateStep.execute(StoreExecutionStateStep.java:46)
	at org.gradle.internal.execution.steps.StoreExecutionStateStep.execute(StoreExecutionStateStep.java:35)
	at org.gradle.internal.execution.steps.SkipUpToDateStep.executeBecause(SkipUpToDateStep.java:75)
	at org.gradle.internal.execution.steps.SkipUpToDateStep.lambda$execute$2(SkipUpToDateStep.java:53)
	at org.gradle.internal.execution.steps.SkipUpToDateStep.execute(SkipUpToDateStep.java:53)
	at org.gradle.internal.execution.steps.SkipUpToDateStep.execute(SkipUpToDateStep.java:35)
	at org.gradle.internal.execution.steps.legacy.MarkSnapshottingInputsFinishedStep.execute(MarkSnapshottingInputsFinishedStep.java:37)
	at org.gradle.internal.execution.steps.legacy.MarkSnapshottingInputsFinishedStep.execute(MarkSnapshottingInputsFinishedStep.java:27)
	at org.gradle.internal.execution.steps.ResolveIncrementalCachingStateStep.executeDelegate(ResolveIncrementalCachingStateStep.java:49)
	at org.gradle.internal.execution.steps.ResolveIncrementalCachingStateStep.executeDelegate(ResolveIncrementalCachingStateStep.java:27)
	at org.gradle.internal.execution.steps.AbstractResolveCachingStateStep.execute(AbstractResolveCachingStateStep.java:71)
	at org.gradle.internal.execution.steps.AbstractResolveCachingStateStep.execute(AbstractResolveCachingStateStep.java:39)
	at org.gradle.internal.execution.steps.ResolveChangesStep.execute(ResolveChangesStep.java:65)
	at org.gradle.internal.execution.steps.ResolveChangesStep.execute(ResolveChangesStep.java:36)
	at org.gradle.internal.execution.steps.ValidateStep.execute(ValidateStep.java:107)
	at org.gradle.internal.execution.steps.ValidateStep.execute(ValidateStep.java:56)
	at org.gradle.internal.execution.steps.AbstractCaptureStateBeforeExecutionStep.execute(AbstractCaptureStateBeforeExecutionStep.java:64)
	at org.gradle.internal.execution.steps.AbstractCaptureStateBeforeExecutionStep.execute(AbstractCaptureStateBeforeExecutionStep.java:43)
	at org.gradle.internal.execution.steps.AbstractSkipEmptyWorkStep.executeWithNonEmptySources(AbstractSkipEmptyWorkStep.java:125)
	at org.gradle.internal.execution.steps.AbstractSkipEmptyWorkStep.execute(AbstractSkipEmptyWorkStep.java:56)
	at org.gradle.internal.execution.steps.AbstractSkipEmptyWorkStep.execute(AbstractSkipEmptyWorkStep.java:36)
	at org.gradle.internal.execution.steps.legacy.MarkSnapshottingInputsStartedStep.execute(MarkSnapshottingInputsStartedStep.java:38)
	at org.gradle.internal.execution.steps.LoadPreviousExecutionStateStep.execute(LoadPreviousExecutionStateStep.java:36)
	at org.gradle.internal.execution.steps.LoadPreviousExecutionStateStep.execute(LoadPreviousExecutionStateStep.java:23)
	at org.gradle.internal.execution.steps.HandleStaleOutputsStep.execute(HandleStaleOutputsStep.java:75)
	at org.gradle.internal.execution.steps.HandleStaleOutputsStep.execute(HandleStaleOutputsStep.java:41)
	at org.gradle.internal.execution.steps.AssignMutableWorkspaceStep.lambda$execute$0(AssignMutableWorkspaceStep.java:35)
	at org.gradle.api.internal.tasks.execution.TaskExecution$4.withWorkspace(TaskExecution.java:289)
	at org.gradle.internal.execution.steps.AssignMutableWorkspaceStep.execute(AssignMutableWorkspaceStep.java:31)
	at org.gradle.internal.execution.steps.AssignMutableWorkspaceStep.execute(AssignMutableWorkspaceStep.java:22)
	at org.gradle.internal.execution.steps.ChoosePipelineStep.execute(ChoosePipelineStep.java:40)
	at org.gradle.internal.execution.steps.ChoosePipelineStep.execute(ChoosePipelineStep.java:23)
	at org.gradle.internal.execution.steps.ExecuteWorkBuildOperationFiringStep.lambda$execute$2(ExecuteWorkBuildOperationFiringStep.java:67)
	at org.gradle.internal.execution.steps.ExecuteWorkBuildOperationFiringStep.execute(ExecuteWorkBuildOperationFiringStep.java:67)
	at org.gradle.internal.execution.steps.ExecuteWorkBuildOperationFiringStep.execute(ExecuteWorkBuildOperationFiringStep.java:39)
	at org.gradle.internal.execution.steps.IdentityCacheStep.execute(IdentityCacheStep.java:46)
	at org.gradle.internal.execution.steps.IdentityCacheStep.execute(IdentityCacheStep.java:34)
	at org.gradle.internal.execution.steps.IdentifyStep.execute(IdentifyStep.java:48)
	at org.gradle.internal.execution.steps.IdentifyStep.execute(IdentifyStep.java:35)
	at org.gradle.internal.execution.impl.DefaultExecutionEngine$1.execute(DefaultExecutionEngine.java:61)
	at org.gradle.api.internal.tasks.execution.ExecuteActionsTaskExecuter.executeIfValid(ExecuteActionsTaskExecuter.java:127)
	at org.gradle.api.internal.tasks.execution.ExecuteActionsTaskExecuter.execute(ExecuteActionsTaskExecuter.java:116)
	at org.gradle.api.internal.tasks.execution.FinalizePropertiesTaskExecuter.execute(FinalizePropertiesTaskExecuter.java:46)
	at org.gradle.api.internal.tasks.execution.ResolveTaskExecutionModeExecuter.execute(ResolveTaskExecutionModeExecuter.java:51)
	at org.gradle.api.internal.tasks.execution.SkipTaskWithNoActionsExecuter.execute(SkipTaskWithNoActionsExecuter.java:57)
	at org.gradle.api.internal.tasks.execution.SkipOnlyIfTaskExecuter.execute(SkipOnlyIfTaskExecuter.java:74)
	at org.gradle.api.internal.tasks.execution.CatchExceptionTaskExecuter.execute(CatchExceptionTaskExecuter.java:36)
	at org.gradle.api.internal.tasks.execution.EventFiringTaskExecuter$1.executeTask(EventFiringTaskExecuter.java:77)
	at org.gradle.api.internal.tasks.execution.EventFiringTaskExecuter$1.call(EventFiringTaskExecuter.java:55)
	at org.gradle.api.internal.tasks.execution.EventFiringTaskExecuter$1.call(EventFiringTaskExecuter.java:52)
	at org.gradle.internal.operations.DefaultBuildOperationRunner$CallableBuildOperationWorker.execute(DefaultBuildOperationRunner.java:209)
	at org.gradle.internal.operations.DefaultBuildOperationRunner$CallableBuildOperationWorker.execute(DefaultBuildOperationRunner.java:204)
	at org.gradle.internal.operations.DefaultBuildOperationRunner$2.execute(DefaultBuildOperationRunner.java:66)
	at org.gradle.internal.operations.DefaultBuildOperationRunner$2.execute(DefaultBuildOperationRunner.java:59)
	at org.gradle.internal.operations.DefaultBuildOperationRunner.execute(DefaultBuildOperationRunner.java:166)
	at org.gradle.internal.operations.DefaultBuildOperationRunner.execute(DefaultBuildOperationRunner.java:59)
	at org.gradle.internal.operations.DefaultBuildOperationRunner.call(DefaultBuildOperationRunner.java:53)
	at org.gradle.api.internal.tasks.execution.EventFiringTaskExecuter.execute(EventFiringTaskExecuter.java:52)
	at org.gradle.execution.plan.LocalTaskNodeExecutor.execute(LocalTaskNodeExecutor.java:42)
	at org.gradle.execution.taskgraph.DefaultTaskExecutionGraph$InvokeNodeExecutorsAction.execute(DefaultTaskExecutionGraph.java:331)
	at org.gradle.execution.taskgraph.DefaultTaskExecutionGraph$InvokeNodeExecutorsAction.execute(DefaultTaskExecutionGraph.java:318)
	at org.gradle.execution.taskgraph.DefaultTaskExecutionGraph$BuildOperationAwareExecutionAction.lambda$execute$0(DefaultTaskExecutionGraph.java:314)
	at org.gradle.internal.operations.CurrentBuildOperationRef.with(CurrentBuildOperationRef.java:85)
	at org.gradle.execution.taskgraph.DefaultTaskExecutionGraph$BuildOperationAwareExecutionAction.execute(DefaultTaskExecutionGraph.java:314)
	at org.gradle.execution.taskgraph.DefaultTaskExecutionGraph$BuildOperationAwareExecutionAction.execute(DefaultTaskExecutionGraph.java:303)
	at org.gradle.execution.plan.DefaultPlanExecutor$ExecutorWorker.execute(DefaultPlanExecutor.java:459)
	at org.gradle.execution.plan.DefaultPlanExecutor$ExecutorWorker.run(DefaultPlanExecutor.java:376)
	at org.gradle.internal.concurrent.ExecutorPolicy$CatchAndRecordFailures.onExecute(ExecutorPolicy.java:64)
	at org.gradle.internal.concurrent.AbstractManagedExecutor$1.run(AbstractManagedExecutor.java:48)
Caused by: com.android.ide.common.process.ProcessException: ninja: Entering directory `D:\document\project\Swell-client\frontend\node_modules\react-native-reanimated\android\.cxx\RelWithDebInfo\1h2w3n5h\armeabi-v7a'
[0/2] Re-checking globbed directories...
[1/37] Building CXX object src/main/cpp/worklets/CMakeFiles/worklets.dir/c01f37f24b10493b4c3af3b067b75ee9/Common/cpp/worklets/Tools/JSLogger.cpp.o
[2/37] Building CXX object src/main/cpp/worklets/CMakeFiles/worklets.dir/a4230bbfdeb52fbdb5a551fa53bf3aff/worklets/Tools/ReanimatedVersion.cpp.o
[3/37] Building CXX object src/main/cpp/worklets/CMakeFiles/worklets.dir/69ff9fc35b596e52548e7f96a7e288cb/WorkletRuntime/ReanimatedRuntime.cpp.o
[4/37] Building CXX object src/main/cpp/worklets/CMakeFiles/worklets.dir/a4230bbfdeb52fbdb5a551fa53bf3aff/worklets/Tools/WorkletEventHandler.cpp.o
[5/37] Building CXX object src/main/cpp/reanimated/CMakeFiles/reanimated.dir/9528977f71df075ffcb5b01fd54360cb/Fabric/ReanimatedCommitHook.cpp.o
[6/37] Building CXX object src/main/cpp/worklets/CMakeFiles/worklets.dir/a4230bbfdeb52fbdb5a551fa53bf3aff/worklets/Tools/ReanimatedJSIUtils.cpp.o
[7/37] Building CXX object src/main/cpp/worklets/CMakeFiles/worklets.dir/138e774be4f33dd0320cd5b82bb9e43d/cpp/worklets/Tools/UIScheduler.cpp.o
[8/37] Building CXX object src/main/cpp/worklets/CMakeFiles/worklets.dir/138e774be4f33dd0320cd5b82bb9e43d/cpp/worklets/Tools/JSScheduler.cpp.o
[9/37] Building CXX object src/main/cpp/reanimated/CMakeFiles/reanimated.dir/d6c00effee3ec6923e64e558606125cc/LayoutAnimationsUtils.cpp.o
[10/37] Building CXX object src/main/cpp/reanimated/CMakeFiles/reanimated.dir/a4230bbfdeb52fbdb5a551fa53bf3aff/reanimated/Fabric/PropsRegistry.cpp.o
[11/37] Building CXX object src/main/cpp/reanimated/CMakeFiles/reanimated.dir/9528977f71df075ffcb5b01fd54360cb/Fabric/ReanimatedMountHook.cpp.o
ninja: build stopped: .
C++ build system [build] failed while executing:
    @echo off
    "C:\\Users\\exile\\AppData\\Local\\Android\\Sdk\\cmake\\3.22.1\\bin\\ninja.exe" ^
      -C ^
      "D:\\document\\project\\Swell-client\\frontend\\node_modules\\react-native-reanimated\\android\\.cxx\\RelWithDebInfo\\1h2w3n5h\\armeabi-v7a" ^
      reanimated ^
      worklets
  from D:\document\project\Swell-client\frontend\node_modules\react-native-reanimated\android
ninja: error: mkdir(src/main/cpp/reanimated/CMakeFiles/reanimated.dir/D_/document/project/Swell-client/frontend/node_modules/react-native-reanimated/Common): No such file or directory

	at com.android.build.gradle.internal.cxx.process.ExecuteProcessKt.execute(ExecuteProcess.kt:288)
	at com.android.build.gradle.internal.cxx.process.ExecuteProcessKt$executeProcess$1.invoke(ExecuteProcess.kt:108)
	at com.android.build.gradle.internal.cxx.process.ExecuteProcessKt$executeProcess$1.invoke(ExecuteProcess.kt:106)
	at com.android.build.gradle.internal.cxx.timing.TimingEnvironmentKt.time(TimingEnvironment.kt:32)
	at com.android.build.gradle.internal.cxx.process.ExecuteProcessKt.executeProcess(ExecuteProcess.kt:106)
	at com.android.build.gradle.internal.cxx.process.ExecuteProcessKt.executeProcess$default(ExecuteProcess.kt:85)
	at com.android.build.gradle.internal.cxx.build.CxxRegularBuilder.executeProcessBatch(CxxRegularBuilder.kt:332)
	at com.android.build.gradle.internal.cxx.build.CxxRegularBuilder.build(CxxRegularBuilder.kt:129)
	at com.android.build.gradle.tasks.ExternalNativeBuildTask$doTaskAction$$inlined$recordTaskAction$1.invoke(BaseTask.kt:71)
	at com.android.build.gradle.internal.tasks.Blocks.recordSpan(Blocks.java:51)
	at com.android.build.gradle.tasks.ExternalNativeBuildTask.doTaskAction(ExternalNativeBuildTask.kt:144)
	at com.android.build.gradle.internal.tasks.UnsafeOutputsTask$taskAction$$inlined$recordTaskAction$1.invoke(BaseTask.kt:66)
	at com.android.build.gradle.internal.tasks.Blocks.recordSpan(Blocks.java:51)
	at com.android.build.gradle.internal.tasks.UnsafeOutputsTask.taskAction(UnsafeOutputsTask.kt:81)
	at java.base/jdk.internal.reflect.DirectMethodHandleAccessor.invoke(Unknown Source)
	at org.gradle.internal.reflect.JavaMethod.invoke(JavaMethod.java:125)
	... 116 more
Caused by: com.android.ide.common.process.ProcessException: Error while executing process C:\Users\exile\AppData\Local\Android\Sdk\cmake\3.22.1\bin\ninja.exe with arguments {-C D:\document\project\Swell-client\frontend\node_modules\react-native-reanimated\android\.cxx\RelWithDebInfo\1h2w3n5h\armeabi-v7a reanimated worklets}
	at com.android.build.gradle.internal.process.GradleProcessResult.buildProcessException(GradleProcessResult.java:73)
	at com.android.build.gradle.internal.process.GradleProcessResult.assertNormalExitValue(GradleProcessResult.java:48)
	at com.android.build.gradle.internal.cxx.process.ExecuteProcessKt.execute(ExecuteProcess.kt:277)
	... 131 more
Caused by: org.gradle.process.internal.ExecException: Process 'command 'C:\Users\exile\AppData\Local\Android\Sdk\cmake\3.22.1\bin\ninja.exe'' finished with non-zero exit value 1
	at org.gradle.process.internal.DefaultExecHandle$ExecResultImpl.assertNormalExitValue(DefaultExecHandle.java:442)
	at com.android.build.gradle.internal.process.GradleProcessResult.assertNormalExitValue(GradleProcessResult.java:46)
	... 132 more


Deprecated Gradle features were used in this build, making it incompatible with Gradle 9.0.

You can use '--warning-mode all' to show the individual deprecation warnings and determine if they come from your own scripts or plugins.

For more on this, please refer to https://docs.gradle.org/8.10.2/userguide/command_line_interface.html#sec:command_line_warnings in the Gradle documentation.

BUILD FAILED in 5m 36s
589 actionable tasks: 434 executed, 155 up-to-date
