> Task :react-native-async-storage_async-storage:generateReleaseAssets UP-TO-DATE
> Task :react-native-async-storage_async-storage:packageReleaseAssets
> Task :react-native-async-storage_async-storage:prepareReleaseArtProfile UP-TO-DATE
> Task :react-native-async-storage_async-storage:mergeReleaseJavaResource
> Task :app:compileReleaseKotlin
> Task :react-native-reanimated:configureCMakeRelWithDebInfo[arm64-v8a]
> Task :app:compileReleaseJavaWithJavac
> Task :app:generateReleaseLintVitalReportModel
> Task :react-native-async-storage_async-storage:syncReleaseLibJars
> Task :react-native-async-storage_async-storage:bundleReleaseLocalLintAar
> Task :react-native-reanimated:buildCMakeRelWithDebInfo[arm64-v8a]

> Task :react-native-reanimated:configureCMakeRelWithDebInfo[armeabi-v7a]
C/C++: CMake Warning in src/main/cpp/reanimated/CMakeLists.txt:
C/C++:   The object file directory
C/C++:     D:/document/project/Swell-client/frontend/node_modules/react-native-reanimated/android/.cxx/RelWithDebInfo/1h2w3n5h/armeabi-v7a/src/main/cpp/reanimated/CMakeFiles/reanimated.dir/./
C/C++:   has 180 characters.  The maximum full path to an object file is 250
C/C++:   characters (see CMAKE_OBJECT_PATH_MAX).  Object file
C/C++:     D_/document/project/Swell-client/frontend/node_modules/react-native-reanimated/Common/cpp/reanimated/RuntimeDecorators/ReanimatedWorkletRuntimeDecorator.cpp.o
C/C++:   cannot be safely placed under this directory.  The build may not work
C/C++:   correctly.

> Task :react-native-reanimated:buildCMakeRelWithDebInfo[armeabi-v7a] FAILED
C/C++: ninja: error: mkdir(src/main/cpp/reanimated/CMakeFiles/reanimated.dir/D_/document/project/Swell-client/frontend/node_modules/react-native-reanimated/Common): No such file or directory

FAILURE: Build failed with an exception.

* What went wrong:
Execution failed for task ':react-native-reanimated:buildCMakeRelWithDebInfo[armeabi-v7a]'.
> com.android.ide.common.process.ProcessException: ninja: Entering directory `D:\document\project\Swell-client\frontend\node_modules\react-native-reanimated\android\.cxx\RelWithDebInfo\1h2w3n5h\armeabi-v7a'
  [0/2] Re-checking globbed directories...
  [1/37] Building CXX object src/main/cpp/worklets/CMakeFiles/worklets.dir/c01f37f24b10493b4c3af3b067b75ee9/Common/cpp/worklets/Tools/JSLogger.cpp.o
  [2/37] Building CXX object src/main/cpp/worklets/CMakeFiles/worklets.dir/138e774be4f33dd0320cd5b82bb9e43d/cpp/worklets/Tools/JSScheduler.cpp.o
  [3/37] Building CXX object src/main/cpp/worklets/CMakeFiles/worklets.dir/69ff9fc35b596e52548e7f96a7e288cb/WorkletRuntime/ReanimatedRuntime.cpp.o
  [4/37] Building CXX object src/main/cpp/worklets/CMakeFiles/worklets.dir/a4230bbfdeb52fbdb5a551fa53bf3aff/worklets/Tools/ReanimatedVersion.cpp.o
  [5/37] Building CXX object src/main/cpp/reanimated/CMakeFiles/reanimated.dir/a4230bbfdeb52fbdb5a551fa53bf3aff/reanimated/Fabric/PropsRegistry.cpp.o
  [6/37] Building CXX object src/main/cpp/reanimated/CMakeFiles/reanimated.dir/9528977f71df075ffcb5b01fd54360cb/Fabric/ReanimatedCommitHook.cpp.o
  [7/37] Building CXX object src/main/cpp/reanimated/CMakeFiles/reanimated.dir/d6c00effee3ec6923e64e558606125cc/LayoutAnimationsUtils.cpp.o
  [8/37] Building CXX object src/main/cpp/worklets/CMakeFiles/worklets.dir/138e774be4f33dd0320cd5b82bb9e43d/cpp/worklets/Tools/AsyncQueue.cpp.o
  [9/37] Building CXX object src/main/cpp/worklets/CMakeFiles/worklets.dir/138e774be4f33dd0320cd5b82bb9e43d/cpp/worklets/Tools/UIScheduler.cpp.o
  [10/37] Building CXX object src/main/cpp/worklets/CMakeFiles/worklets.dir/d48ce571f53cf121930cdbf926c3f8b0/ReanimatedHermesRuntime.cpp.o
  [11/37] Building CXX object src/main/cpp/reanimated/CMakeFiles/reanimated.dir/d6c00effee3ec6923e64e558606125cc/LayoutAnimationsProxy.cpp.o
  [12/37] Building CXX object src/main/cpp/worklets/CMakeFiles/worklets.dir/a4230bbfdeb52fbdb5a551fa53bf3aff/worklets/Tools/ReanimatedJSIUtils.cpp.o
  ninja: build stopped: .
  
  C++ build system [build] failed while executing:
      @echo off
      "C:\\Users\\exile\\AppData\\Local\\Android\\Sdk\\cmake\\3.22.1\\bin\\ninja.exe" ^
        -C ^
        "D:\\document\\project\\Swell-client\\frontend\\node_modules\\react-native-reanimated\\android\\.cxx\\RelWithDebInfo\\1h2w3n5h\\armeabi-v7a" ^
        reanimated ^
        worklets
    from D:\document\project\Swell-client\frontend\node_modules\react-native-reanimated\android
  ninja: error: mkdir(src/main/cpp/reanimated/CMakeFiles/reanimated.dir/D_/document/project/Swell-client/frontend/node_modules/react-native-reanimated/Common): No such file or directory

* Try:
> Run with --info or --debug option to get more log output.
> Run with --scan to get full insights.
> Get more help at https://help.gradle.org.

* Exception is:
org.gradle.api.tasks.TaskExecutionException: Execution failed for task ':react-native-reanimated:buildCMakeRelWithDebInfo[armeabi-v7a]'.
	at org.gradle.api.internal.tasks.execution.ExecuteActionsTaskExecuter.lambda$executeIfValid$1(ExecuteActionsTaskExecuter.java:130)
	at org.gradle.internal.Try$Failure.ifSuccessfulOrElse(Try.java:293)
	at org.gradle.api.internal.tasks.execution.ExecuteActionsTaskExecuter.executeIfValid(ExecuteActionsTaskExecuter.java:128)
	at org.gradle.api.internal.tasks.execution.ExecuteActionsTaskExecuter.execute(ExecuteActionsTaskExecuter.java:116)
	at org.gradle.api.internal.tasks.execution.FinalizePropertiesTaskExecuter.execute(FinalizePropertiesTaskExecuter.java:46)
	at org.gradle.api.internal.tasks.execution.ResolveTaskExecutionModeExecuter.execute(ResolveTaskExecutionModeExecuter.java:51)
	at org.gradle.api.internal.tasks.execution.SkipTaskWithNoActionsExecuter.execute(SkipTaskWithNoActionsExecuter.java:57)
	at org.gradle.api.internal.tasks.execution.SkipOnlyIfTaskExecuter.execute(SkipOnlyIfTaskExecuter.java:74)
	at org.gradle.api.internal.tasks.execution.CatchExceptionTaskExecuter.execute(CatchExceptionTaskExecuter.java:36)
	at org.gradle.api.internal.tasks.execution.EventFiringTaskExecuter$1.executeTask(EventFiringTaskExecuter.java:77)
	at org.gradle.api.internal.tasks.execution.EventFiringTaskExecuter$1.call(EventFiringTaskExecuter.java:55)
	at org.gradle.api.internal.tasks.execution.EventFiringTaskExecuter$1.call(EventFiringTaskExecuter.java:52)
	at org.gradle.internal.operations.DefaultBuildOperationRunner$CallableBuildOperationWorker.execute(DefaultBuildOperationRunner.java:209)
	at org.gradle.internal.operations.DefaultBuildOperationRunner$CallableBuildOperationWorker.execute(DefaultBuildOperationRunner.java:204)
	at org.gradle.internal.operations.DefaultBuildOperationRunner$2.execute(DefaultBuildOperationRunner.java:66)
	at org.gradle.internal.operations.DefaultBuildOperationRunner$2.execute(DefaultBuildOperationRunner.java:59)
	at org.gradle.internal.operations.DefaultBuildOperationRunner.execute(DefaultBuildOperationRunner.java:166)
	at org.gradle.internal.operations.DefaultBuildOperationRunner.execute(DefaultBuildOperationRunner.java:59)
	at org.gradle.internal.operations.DefaultBuildOperationRunner.call(DefaultBuildOperationRunner.java:53)
	at org.gradle.api.internal.tasks.execution.EventFiringTaskExecuter.execute(EventFiringTaskExecuter.java:52)
	at org.gradle.execution.plan.LocalTaskNodeExecutor.execute(LocalTaskNodeExecutor.java:42)
	at org.gradle.execution.taskgraph.DefaultTaskExecutionGraph$InvokeNodeExecutorsAction.execute(DefaultTaskExecutionGraph.java:331)
	at org.gradle.execution.taskgraph.DefaultTaskExecutionGraph$InvokeNodeExecutorsAction.execute(DefaultTaskExecutionGraph.java:318)
	at org.gradle.execution.taskgraph.DefaultTaskExecutionGraph$BuildOperationAwareExecutionAction.lambda$execute$0(DefaultTaskExecutionGraph.java:314)
	at org.gradle.internal.operations.CurrentBuildOperationRef.with(CurrentBuildOperationRef.java:85)
	at org.gradle.execution.taskgraph.DefaultTaskExecutionGraph$BuildOperationAwareExecutionAction.execute(DefaultTaskExecutionGraph.java:314)
	at org.gradle.execution.taskgraph.DefaultTaskExecutionGraph$BuildOperationAwareExecutionAction.execute(DefaultTaskExecutionGraph.java:303)
	at org.gradle.execution.plan.DefaultPlanExecutor$ExecutorWorker.execute(DefaultPlanExecutor.java:459)
	at org.gradle.execution.plan.DefaultPlanExecutor$ExecutorWorker.run(DefaultPlanExecutor.java:376)
	at org.gradle.internal.concurrent.ExecutorPolicy$CatchAndRecordFailures.onExecute(ExecutorPolicy.java:64)
	at org.gradle.internal.concurrent.AbstractManagedExecutor$1.run(AbstractManagedExecutor.java:48)
Caused by: org.gradle.internal.UncheckedException: com.android.ide.common.process.ProcessException: ninja: Entering directory `D:\document\project\Swell-client\frontend\node_modules\react-native-reanimated\android\.cxx\RelWithDebInfo\1h2w3n5h\armeabi-v7a'
[0/2] Re-checking globbed directories...
[1/37] Building CXX object src/main/cpp/worklets/CMakeFiles/worklets.dir/c01f37f24b10493b4c3af3b067b75ee9/Common/cpp/worklets/Tools/JSLogger.cpp.o
[2/37] Building CXX object src/main/cpp/worklets/CMakeFiles/worklets.dir/138e774be4f33dd0320cd5b82bb9e43d/cpp/worklets/Tools/JSScheduler.cpp.o
[3/37] Building CXX object src/main/cpp/worklets/CMakeFiles/worklets.dir/69ff9fc35b596e52548e7f96a7e288cb/WorkletRuntime/ReanimatedRuntime.cpp.o
[4/37] Building CXX object src/main/cpp/worklets/CMakeFiles/worklets.dir/a4230bbfdeb52fbdb5a551fa53bf3aff/worklets/Tools/ReanimatedVersion.cpp.o
[5/37] Building CXX object src/main/cpp/reanimated/CMakeFiles/reanimated.dir/a4230bbfdeb52fbdb5a551fa53bf3aff/reanimated/Fabric/PropsRegistry.cpp.o
[6/37] Building CXX object src/main/cpp/reanimated/CMakeFiles/reanimated.dir/9528977f71df075ffcb5b01fd54360cb/Fabric/ReanimatedCommitHook.cpp.o
[7/37] Building CXX object src/main/cpp/reanimated/CMakeFiles/reanimated.dir/d6c00effee3ec6923e64e558606125cc/LayoutAnimationsUtils.cpp.o
[8/37] Building CXX object src/main/cpp/worklets/CMakeFiles/worklets.dir/138e774be4f33dd0320cd5b82bb9e43d/cpp/worklets/Tools/AsyncQueue.cpp.o
[9/37] Building CXX object src/main/cpp/worklets/CMakeFiles/worklets.dir/138e774be4f33dd0320cd5b82bb9e43d/cpp/worklets/Tools/UIScheduler.cpp.o
[10/37] Building CXX object src/main/cpp/worklets/CMakeFiles/worklets.dir/d48ce571f53cf121930cdbf926c3f8b0/ReanimatedHermesRuntime.cpp.o
[11/37] Building CXX object src/main/cpp/reanimated/CMakeFiles/reanimated.dir/d6c00effee3ec6923e64e558606125cc/LayoutAnimationsProxy.cpp.o
[12/37] Building CXX object src/main/cpp/worklets/CMakeFiles/worklets.dir/a4230bbfdeb52fbdb5a551fa53bf3aff/worklets/Tools/ReanimatedJSIUtils.cpp.o
ninja: build stopped: .

C++ build system [build] failed while executing:
    @echo off
    "C:\\Users\\exile\\AppData\\Local\\Android\\Sdk\\cmake\\3.22.1\\bin\\ninja.exe" ^
      -C ^
      "D:\\document\\project\\Swell-client\\frontend\\node_modules\\react-native-reanimated\\android\\.cxx\\RelWithDebInfo\\1h2w3n5h\\armeabi-v7a" ^
      reanimated ^
      worklets
  from D:\document\project\Swell-client\frontend\node_modules\react-native-reanimated\android
ninja: error: mkdir(src/main/cpp/reanimated/CMakeFiles/reanimated.dir/D_/document/project/Swell-client/frontend/node_modules/react-native-reanimated/Common): No such file or directory

	at org.gradle.internal.UncheckedException.throwAsUncheckedException(UncheckedException.java:69)
	at org.gradle.internal.UncheckedException.throwAsUncheckedException(UncheckedException.java:42)
	at org.gradle.internal.reflect.JavaMethod.invoke(JavaMethod.java:128)
	at org.gradle.api.internal.project.taskfactory.StandardTaskAction.doExecute(StandardTaskAction.java:58)
	at org.gradle.api.internal.project.taskfactory.StandardTaskAction.execute(StandardTaskAction.java:51)
	at org.gradle.api.internal.project.taskfactory.StandardTaskAction.execute(StandardTaskAction.java:29)
	at org.gradle.api.internal.tasks.execution.TaskExecution$3.run(TaskExecution.java:244)
	at org.gradle.internal.operations.DefaultBuildOperationRunner$1.execute(DefaultBuildOperationRunner.java:29)
	at org.gradle.internal.operations.DefaultBuildOperationRunner$1.execute(DefaultBuildOperationRunner.java:26)
	at org.gradle.internal.operations.DefaultBuildOperationRunner$2.execute(DefaultBuildOperationRunner.java:66)
	at org.gradle.internal.operations.DefaultBuildOperationRunner$2.execute(DefaultBuildOperationRunner.java:59)
	at org.gradle.internal.operations.DefaultBuildOperationRunner.execute(DefaultBuildOperationRunner.java:166)
	at org.gradle.internal.operations.DefaultBuildOperationRunner.execute(DefaultBuildOperationRunner.java:59)
	at org.gradle.internal.operations.DefaultBuildOperationRunner.run(DefaultBuildOperationRunner.java:47)
	at org.gradle.api.internal.tasks.execution.TaskExecution.executeAction(TaskExecution.java:229)
	at org.gradle.api.internal.tasks.execution.TaskExecution.executeActions(TaskExecution.java:212)
	at org.gradle.api.internal.tasks.execution.TaskExecution.executeWithPreviousOutputFiles(TaskExecution.java:195)
	at org.gradle.api.internal.tasks.execution.TaskExecution.execute(TaskExecution.java:162)
	at org.gradle.internal.execution.steps.ExecuteStep.executeInternal(ExecuteStep.java:105)
	at org.gradle.internal.execution.steps.ExecuteStep.access$000(ExecuteStep.java:44)
	at org.gradle.internal.execution.steps.ExecuteStep$1.call(ExecuteStep.java:59)
	at org.gradle.internal.execution.steps.ExecuteStep$1.call(ExecuteStep.java:56)
	at org.gradle.internal.operations.DefaultBuildOperationRunner$CallableBuildOperationWorker.execute(DefaultBuildOperationRunner.java:209)
	at org.gradle.internal.operations.DefaultBuildOperationRunner$CallableBuildOperationWorker.execute(DefaultBuildOperationRunner.java:204)
	at org.gradle.internal.operations.DefaultBuildOperationRunner$2.execute(DefaultBuildOperationRunner.java:66)
	at org.gradle.internal.operations.DefaultBuildOperationRunner$2.execute(DefaultBuildOperationRunner.java:59)
	at org.gradle.internal.operations.DefaultBuildOperationRunner.execute(DefaultBuildOperationRunner.java:166)
	at org.gradle.internal.operations.DefaultBuildOperationRunner.execute(DefaultBuildOperationRunner.java:59)
	at org.gradle.internal.operations.DefaultBuildOperationRunner.call(DefaultBuildOperationRunner.java:53)
	at org.gradle.internal.execution.steps.ExecuteStep.execute(ExecuteStep.java:56)
	at org.gradle.internal.execution.steps.ExecuteStep.execute(ExecuteStep.java:44)
	at org.gradle.internal.execution.steps.CancelExecutionStep.execute(CancelExecutionStep.java:42)
	at org.gradle.internal.execution.steps.TimeoutStep.executeWithoutTimeout(TimeoutStep.java:75)
	at org.gradle.internal.execution.steps.TimeoutStep.execute(TimeoutStep.java:55)
	at org.gradle.internal.execution.steps.PreCreateOutputParentsStep.execute(PreCreateOutputParentsStep.java:50)
	at org.gradle.internal.execution.steps.PreCreateOutputParentsStep.execute(PreCreateOutputParentsStep.java:28)
	at org.gradle.internal.execution.steps.RemovePreviousOutputsStep.execute(RemovePreviousOutputsStep.java:67)
	at org.gradle.internal.execution.steps.RemovePreviousOutputsStep.execute(RemovePreviousOutputsStep.java:37)
	at org.gradle.internal.execution.steps.BroadcastChangingOutputsStep.execute(BroadcastChangingOutputsStep.java:61)
	at org.gradle.internal.execution.steps.BroadcastChangingOutputsStep.execute(BroadcastChangingOutputsStep.java:26)
	at org.gradle.internal.execution.steps.CaptureOutputsAfterExecutionStep.execute(CaptureOutputsAfterExecutionStep.java:69)
	at org.gradle.internal.execution.steps.CaptureOutputsAfterExecutionStep.execute(CaptureOutputsAfterExecutionStep.java:46)
	at org.gradle.internal.execution.steps.ResolveInputChangesStep.execute(ResolveInputChangesStep.java:40)
	at org.gradle.internal.execution.steps.ResolveInputChangesStep.execute(ResolveInputChangesStep.java:29)
	at org.gradle.internal.execution.steps.BuildCacheStep.executeWithoutCache(BuildCacheStep.java:189)
	at org.gradle.internal.execution.steps.BuildCacheStep.lambda$execute$1(BuildCacheStep.java:75)
	at org.gradle.internal.Either$Right.fold(Either.java:175)
	at org.gradle.internal.execution.caching.CachingState.fold(CachingState.java:62)
	at org.gradle.internal.execution.steps.BuildCacheStep.execute(BuildCacheStep.java:73)
	at org.gradle.internal.execution.steps.BuildCacheStep.execute(BuildCacheStep.java:48)
	at org.gradle.internal.execution.steps.StoreExecutionStateStep.execute(StoreExecutionStateStep.java:46)
	at org.gradle.internal.execution.steps.StoreExecutionStateStep.execute(StoreExecutionStateStep.java:35)
	at org.gradle.internal.execution.steps.SkipUpToDateStep.executeBecause(SkipUpToDateStep.java:75)
	at org.gradle.internal.execution.steps.SkipUpToDateStep.lambda$execute$2(SkipUpToDateStep.java:53)
	at org.gradle.internal.execution.steps.SkipUpToDateStep.execute(SkipUpToDateStep.java:53)
	at org.gradle.internal.execution.steps.SkipUpToDateStep.execute(SkipUpToDateStep.java:35)
	at org.gradle.internal.execution.steps.legacy.MarkSnapshottingInputsFinishedStep.execute(MarkSnapshottingInputsFinishedStep.java:37)
	at org.gradle.internal.execution.steps.legacy.MarkSnapshottingInputsFinishedStep.execute(MarkSnapshottingInputsFinishedStep.java:27)
	at org.gradle.internal.execution.steps.ResolveIncrementalCachingStateStep.executeDelegate(ResolveIncrementalCachingStateStep.java:49)
	at org.gradle.internal.execution.steps.ResolveIncrementalCachingStateStep.executeDelegate(ResolveIncrementalCachingStateStep.java:27)
	at org.gradle.internal.execution.steps.AbstractResolveCachingStateStep.execute(AbstractResolveCachingStateStep.java:71)
	at org.gradle.internal.execution.steps.AbstractResolveCachingStateStep.execute(AbstractResolveCachingStateStep.java:39)
	at org.gradle.internal.execution.steps.ResolveChangesStep.execute(ResolveChangesStep.java:65)
	at org.gradle.internal.execution.steps.ResolveChangesStep.execute(ResolveChangesStep.java:36)
	at org.gradle.internal.execution.steps.ValidateStep.execute(ValidateStep.java:107)
	at org.gradle.internal.execution.steps.ValidateStep.execute(ValidateStep.java:56)
	at org.gradle.internal.execution.steps.AbstractCaptureStateBeforeExecutionStep.execute(AbstractCaptureStateBeforeExecutionStep.java:64)
	at org.gradle.internal.execution.steps.AbstractCaptureStateBeforeExecutionStep.execute(AbstractCaptureStateBeforeExecutionStep.java:43)
	at org.gradle.internal.execution.steps.AbstractSkipEmptyWorkStep.executeWithNonEmptySources(AbstractSkipEmptyWorkStep.java:125)
	at org.gradle.internal.execution.steps.AbstractSkipEmptyWorkStep.execute(AbstractSkipEmptyWorkStep.java:56)
	at org.gradle.internal.execution.steps.AbstractSkipEmptyWorkStep.execute(AbstractSkipEmptyWorkStep.java:36)
	at org.gradle.internal.execution.steps.legacy.MarkSnapshottingInputsStartedStep.execute(MarkSnapshottingInputsStartedStep.java:38)
	at org.gradle.internal.execution.steps.LoadPreviousExecutionStateStep.execute(LoadPreviousExecutionStateStep.java:36)
	at org.gradle.internal.execution.steps.LoadPreviousExecutionStateStep.execute(LoadPreviousExecutionStateStep.java:23)
	at org.gradle.internal.execution.steps.HandleStaleOutputsStep.execute(HandleStaleOutputsStep.java:75)
	at org.gradle.internal.execution.steps.HandleStaleOutputsStep.execute(HandleStaleOutputsStep.java:41)
	at org.gradle.internal.execution.steps.AssignMutableWorkspaceStep.lambda$execute$0(AssignMutableWorkspaceStep.java:35)
	at org.gradle.api.internal.tasks.execution.TaskExecution$4.withWorkspace(TaskExecution.java:289)
	at org.gradle.internal.execution.steps.AssignMutableWorkspaceStep.execute(AssignMutableWorkspaceStep.java:31)
	at org.gradle.internal.execution.steps.AssignMutableWorkspaceStep.execute(AssignMutableWorkspaceStep.java:22)
	at org.gradle.internal.execution.steps.ChoosePipelineStep.execute(ChoosePipelineStep.java:40)
	at org.gradle.internal.execution.steps.ChoosePipelineStep.execute(ChoosePipelineStep.java:23)
	at org.gradle.internal.execution.steps.ExecuteWorkBuildOperationFiringStep.lambda$execute$2(ExecuteWorkBuildOperationFiringStep.java:67)
	at org.gradle.internal.execution.steps.ExecuteWorkBuildOperationFiringStep.execute(ExecuteWorkBuildOperationFiringStep.java:67)
	at org.gradle.internal.execution.steps.ExecuteWorkBuildOperationFiringStep.execute(ExecuteWorkBuildOperationFiringStep.java:39)
	at org.gradle.internal.execution.steps.IdentityCacheStep.execute(IdentityCacheStep.java:46)
	at org.gradle.internal.execution.steps.IdentityCacheStep.execute(IdentityCacheStep.java:34)
	at org.gradle.internal.execution.steps.IdentifyStep.execute(IdentifyStep.java:48)
	at org.gradle.internal.execution.steps.IdentifyStep.execute(IdentifyStep.java:35)
	at org.gradle.internal.execution.impl.DefaultExecutionEngine$1.execute(DefaultExecutionEngine.java:61)
	at org.gradle.api.internal.tasks.execution.ExecuteActionsTaskExecuter.executeIfValid(ExecuteActionsTaskExecuter.java:127)
	at org.gradle.api.internal.tasks.execution.ExecuteActionsTaskExecuter.execute(ExecuteActionsTaskExecuter.java:116)
	at org.gradle.api.internal.tasks.execution.FinalizePropertiesTaskExecuter.execute(FinalizePropertiesTaskExecuter.java:46)
	at org.gradle.api.internal.tasks.execution.ResolveTaskExecutionModeExecuter.execute(ResolveTaskExecutionModeExecuter.java:51)
	at org.gradle.api.internal.tasks.execution.SkipTaskWithNoActionsExecuter.execute(SkipTaskWithNoActionsExecuter.java:57)
	at org.gradle.api.internal.tasks.execution.SkipOnlyIfTaskExecuter.execute(SkipOnlyIfTaskExecuter.java:74)
	at org.gradle.api.internal.tasks.execution.CatchExceptionTaskExecuter.execute(CatchExceptionTaskExecuter.java:36)
	at org.gradle.api.internal.tasks.execution.EventFiringTaskExecuter$1.executeTask(EventFiringTaskExecuter.java:77)
	at org.gradle.api.internal.tasks.execution.EventFiringTaskExecuter$1.call(EventFiringTaskExecuter.java:55)
	at org.gradle.api.internal.tasks.execution.EventFiringTaskExecuter$1.call(EventFiringTaskExecuter.java:52)
	at org.gradle.internal.operations.DefaultBuildOperationRunner$CallableBuildOperationWorker.execute(DefaultBuildOperationRunner.java:209)
	at org.gradle.internal.operations.DefaultBuildOperationRunner$CallableBuildOperationWorker.execute(DefaultBuildOperationRunner.java:204)
	at org.gradle.internal.operations.DefaultBuildOperationRunner$2.execute(DefaultBuildOperationRunner.java:66)
	at org.gradle.internal.operations.DefaultBuildOperationRunner$2.execute(DefaultBuildOperationRunner.java:59)
	at org.gradle.internal.operations.DefaultBuildOperationRunner.execute(DefaultBuildOperationRunner.java:166)
	at org.gradle.internal.operations.DefaultBuildOperationRunner.execute(DefaultBuildOperationRunner.java:59)
	at org.gradle.internal.operations.DefaultBuildOperationRunner.call(DefaultBuildOperationRunner.java:53)
	at org.gradle.api.internal.tasks.execution.EventFiringTaskExecuter.execute(EventFiringTaskExecuter.java:52)
	at org.gradle.execution.plan.LocalTaskNodeExecutor.execute(LocalTaskNodeExecutor.java:42)
	at org.gradle.execution.taskgraph.DefaultTaskExecutionGraph$InvokeNodeExecutorsAction.execute(DefaultTaskExecutionGraph.java:331)
	at org.gradle.execution.taskgraph.DefaultTaskExecutionGraph$InvokeNodeExecutorsAction.execute(DefaultTaskExecutionGraph.java:318)
	at org.gradle.execution.taskgraph.DefaultTaskExecutionGraph$BuildOperationAwareExecutionAction.lambda$execute$0(DefaultTaskExecutionGraph.java:314)
	at org.gradle.internal.operations.CurrentBuildOperationRef.with(CurrentBuildOperationRef.java:85)
	at org.gradle.execution.taskgraph.DefaultTaskExecutionGraph$BuildOperationAwareExecutionAction.execute(DefaultTaskExecutionGraph.java:314)
	at org.gradle.execution.taskgraph.DefaultTaskExecutionGraph$BuildOperationAwareExecutionAction.execute(DefaultTaskExecutionGraph.java:303)
	at org.gradle.execution.plan.DefaultPlanExecutor$ExecutorWorker.execute(DefaultPlanExecutor.java:459)
	at org.gradle.execution.plan.DefaultPlanExecutor$ExecutorWorker.run(DefaultPlanExecutor.java:376)
	at org.gradle.internal.concurrent.ExecutorPolicy$CatchAndRecordFailures.onExecute(ExecutorPolicy.java:64)
	at org.gradle.internal.concurrent.AbstractManagedExecutor$1.run(AbstractManagedExecutor.java:48)
Caused by: com.android.ide.common.process.ProcessException: ninja: Entering directory `D:\document\project\Swell-client\frontend\node_modules\react-native-reanimated\android\.cxx\RelWithDebInfo\1h2w3n5h\armeabi-v7a'
[0/2] Re-checking globbed directories...
[1/37] Building CXX object src/main/cpp/worklets/CMakeFiles/worklets.dir/c01f37f24b10493b4c3af3b067b75ee9/Common/cpp/worklets/Tools/JSLogger.cpp.o
[2/37] Building CXX object src/main/cpp/worklets/CMakeFiles/worklets.dir/138e774be4f33dd0320cd5b82bb9e43d/cpp/worklets/Tools/JSScheduler.cpp.o
[3/37] Building CXX object src/main/cpp/worklets/CMakeFiles/worklets.dir/69ff9fc35b596e52548e7f96a7e288cb/WorkletRuntime/ReanimatedRuntime.cpp.o
[4/37] Building CXX object src/main/cpp/worklets/CMakeFiles/worklets.dir/a4230bbfdeb52fbdb5a551fa53bf3aff/worklets/Tools/ReanimatedVersion.cpp.o
[5/37] Building CXX object src/main/cpp/reanimated/CMakeFiles/reanimated.dir/a4230bbfdeb52fbdb5a551fa53bf3aff/reanimated/Fabric/PropsRegistry.cpp.o
[6/37] Building CXX object src/main/cpp/reanimated/CMakeFiles/reanimated.dir/9528977f71df075ffcb5b01fd54360cb/Fabric/ReanimatedCommitHook.cpp.o
[7/37] Building CXX object src/main/cpp/reanimated/CMakeFiles/reanimated.dir/d6c00effee3ec6923e64e558606125cc/LayoutAnimationsUtils.cpp.o
[8/37] Building CXX object src/main/cpp/worklets/CMakeFiles/worklets.dir/138e774be4f33dd0320cd5b82bb9e43d/cpp/worklets/Tools/AsyncQueue.cpp.o
[9/37] Building CXX object src/main/cpp/worklets/CMakeFiles/worklets.dir/138e774be4f33dd0320cd5b82bb9e43d/cpp/worklets/Tools/UIScheduler.cpp.o
[10/37] Building CXX object src/main/cpp/worklets/CMakeFiles/worklets.dir/d48ce571f53cf121930cdbf926c3f8b0/ReanimatedHermesRuntime.cpp.o
[11/37] Building CXX object src/main/cpp/reanimated/CMakeFiles/reanimated.dir/d6c00effee3ec6923e64e558606125cc/LayoutAnimationsProxy.cpp.o
[12/37] Building CXX object src/main/cpp/worklets/CMakeFiles/worklets.dir/a4230bbfdeb52fbdb5a551fa53bf3aff/worklets/Tools/ReanimatedJSIUtils.cpp.o
ninja: build stopped: .

C++ build system [build] failed while executing:
    @echo off
    "C:\\Users\\exile\\AppData\\Local\\Android\\Sdk\\cmake\\3.22.1\\bin\\ninja.exe" ^
      -C ^
      "D:\\document\\project\\Swell-client\\frontend\\node_modules\\react-native-reanimated\\android\\.cxx\\RelWithDebInfo\\1h2w3n5h\\armeabi-v7a" ^
      reanimated ^
      worklets
  from D:\document\project\Swell-client\frontend\node_modules\react-native-reanimated\android
ninja: error: mkdir(src/main/cpp/reanimated/CMakeFiles/reanimated.dir/D_/document/project/Swell-client/frontend/node_modules/react-native-reanimated/Common): No such file or directory

	at com.android.build.gradle.internal.cxx.process.ExecuteProcessKt.execute(ExecuteProcess.kt:288)
	at com.android.build.gradle.internal.cxx.process.ExecuteProcessKt$executeProcess$1.invoke(ExecuteProcess.kt:108)
	at com.android.build.gradle.internal.cxx.process.ExecuteProcessKt$executeProcess$1.invoke(ExecuteProcess.kt:106)
	at com.android.build.gradle.internal.cxx.timing.TimingEnvironmentKt.time(TimingEnvironment.kt:32)
	at com.android.build.gradle.internal.cxx.process.ExecuteProcessKt.executeProcess(ExecuteProcess.kt:106)
	at com.android.build.gradle.internal.cxx.process.ExecuteProcessKt.executeProcess$default(ExecuteProcess.kt:85)
	at com.android.build.gradle.internal.cxx.build.CxxRegularBuilder.executeProcessBatch(CxxRegularBuilder.kt:332)
	at com.android.build.gradle.internal.cxx.build.CxxRegularBuilder.build(CxxRegularBuilder.kt:129)
	at com.android.build.gradle.tasks.ExternalNativeBuildTask$doTaskAction$$inlined$recordTaskAction$1.invoke(BaseTask.kt:71)
	at com.android.build.gradle.internal.tasks.Blocks.recordSpan(Blocks.java:51)
	at com.android.build.gradle.tasks.ExternalNativeBuildTask.doTaskAction(ExternalNativeBuildTask.kt:144)
	at com.android.build.gradle.internal.tasks.UnsafeOutputsTask$taskAction$$inlined$recordTaskAction$1.invoke(BaseTask.kt:66)
	at com.android.build.gradle.internal.tasks.Blocks.recordSpan(Blocks.java:51)
	at com.android.build.gradle.internal.tasks.UnsafeOutputsTask.taskAction(UnsafeOutputsTask.kt:81)
	at java.base/jdk.internal.reflect.DirectMethodHandleAccessor.invoke(Unknown Source)
	at org.gradle.internal.reflect.JavaMethod.invoke(JavaMethod.java:125)
	... 116 more
Caused by: com.android.ide.common.process.ProcessException: Error while executing process C:\Users\exile\AppData\Local\Android\Sdk\cmake\3.22.1\bin\ninja.exe with arguments {-C D:\document\project\Swell-client\frontend\node_modules\react-native-reanimated\android\.cxx\RelWithDebInfo\1h2w3n5h\armeabi-v7a reanimated worklets}
	at com.android.build.gradle.internal.process.GradleProcessResult.buildProcessException(GradleProcessResult.java:73)
	at com.android.build.gradle.internal.process.GradleProcessResult.assertNormalExitValue(GradleProcessResult.java:48)
	at com.android.build.gradle.internal.cxx.process.ExecuteProcessKt.execute(ExecuteProcess.kt:277)
	... 131 more
Caused by: org.gradle.process.internal.ExecException: Process 'command 'C:\Users\exile\AppData\Local\Android\Sdk\cmake\3.22.1\bin\ninja.exe'' finished with non-zero exit value 1
	at org.gradle.process.internal.DefaultExecHandle$ExecResultImpl.assertNormalExitValue(DefaultExecHandle.java:442)
	at com.android.build.gradle.internal.process.GradleProcessResult.assertNormalExitValue(GradleProcessResult.java:46)
	... 132 more


BUILD FAILED in 8m 10s

Deprecated Gradle features were used in this build, making it incompatible with Gradle 9.0.

You can use '--warning-mode all' to show the individual deprecation warnings and determine if they come from your own scripts or plugins.

For more on this, please refer to https://docs.gradle.org/8.10.2/userguide/command_line_interface.html#sec:command_line_warnings in the Gradle documentation.
636 actionable tasks: 583 executed, 53 up-to-date
